2025-03-30 04:05:19 - [Refresh Thread: Equinox Container: fb658aeb-c6bb-4b2b-b949-04d7fb09ec72] WARN  e.b.b.i.s.l.InstalledPackageHandler - Licensing package name '8080' of VM property ep.licensing.package is not valid.
2025-03-30 04:05:24 - [Refresh Thread: Equinox Container: fb658aeb-c6bb-4b2b-b949-04d7fb09ec72] WARN  e.a.b.i.s.u.ArchitectureUpdateServiceImpl - Contributors ModelCoverageReportTemplateArchitectureUpdateContributor and TestCaseSignalDatatypeArchitectureUpdateContributorImpl have the same order priority 2147483647 (ep.coverage.model.bl.internal.architectureupdate.ModelCoverageReportTemplateArchitectureUpdateContributor, ep.analysis.bl.internal.listeners.architectureupdate.TestCaseSignalDatatypeArchitectureUpdateContributorImpl)
2025-03-30 04:05:25 - [Refresh Thread: Equinox Container: fb658aeb-c6bb-4b2b-b949-04d7fb09ec72] WARN  e.a.b.i.s.u.ArchitectureUpdateServiceImpl - Contributors CALVariantUpdateServiceContributor and ValidationVectorArchitectureUpdateServiceContributor have the same order priority 3000 (ep.architecture.bl.internal.services.update.CALVariantUpdateServiceContributor, ep.formalsimulation.impl.listeners.architectureupdate.ValidationVectorArchitectureUpdateServiceContributor)
2025-03-30 04:05:25 - [Refresh Thread: Equinox Container: fb658aeb-c6bb-4b2b-b949-04d7fb09ec72] WARN  e.a.b.i.s.u.ArchitectureUpdateServiceImpl - Contributors CodeCoverageArchitectureUpdateServiceContributor and CCCArchitectureUpdateContributor have the same order priority 10000 (ep.coverage.ccode.bl.internal.listeners.architectureupdate.CodeCoverageArchitectureUpdateServiceContributor, ep.ccc.bl.internal.listeners.CCCArchitectureUpdateContributor)
2025-03-30 04:05:26 - [Refresh Thread: Equinox Container: fb658aeb-c6bb-4b2b-b949-04d7fb09ec72] WARN  e.a.b.i.s.u.ArchitectureUpdateServiceImpl - Contributors CALVariantUpdateServiceContributor and RBTTestCaseArchitectureUpdateServiceContributor have the same order priority 3000 (ep.architecture.bl.internal.services.update.CALVariantUpdateServiceContributor, ep.analysis.test.bl.internal.listeners.architectureupdate.RBTTestCaseArchitectureUpdateServiceContributor)
2025-03-30 04:05:26 - [Refresh Thread: Equinox Container: fb658aeb-c6bb-4b2b-b949-04d7fb09ec72] WARN  e.a.b.i.s.u.ArchitectureUpdateServiceImpl - Contributors RBTExecutionRemoveMappingModificationContributorImpl and B2BSVExecutionRemoveMappingModificationContributor have the same order priority 3500 (ep.analysis.test.bl.internal.listeners.architectureupdate.RBTExecutionRemoveMappingModificationContributorImpl, ep.analysis.b2b.internal.listeners.architectureupdate.impl.B2BSVExecutionRemoveMappingModificationContributor)
2025-03-30 04:05:26 - [Refresh Thread: Equinox Container: fb658aeb-c6bb-4b2b-b949-04d7fb09ec72] WARN  e.a.b.i.s.u.ArchitectureUpdateServiceImpl - Contributors CALVariantUpdateServiceContributor and B2BStimuliVectorExecutionRemoveUpdateContributor have the same order priority 3000 (ep.architecture.bl.internal.services.update.CALVariantUpdateServiceContributor, ep.analysis.b2b.internal.listeners.architectureupdate.impl.B2BStimuliVectorExecutionRemoveUpdateContributor)
2025-03-30 04:07:45 - [Refresh Thread: Equinox Container: 5282e506-2924-4de4-82f2-c77ee8c549b3] WARN  e.b.t.i.n.TransactionEventFilter - cannot cache event Licensing/LicensingChanged LicensingChangedEvent since no active transaction - event is dispatched immediately
2025-03-30 04:07:50 - [Refresh Thread: Equinox Container: 5282e506-2924-4de4-82f2-c77ee8c549b3] WARN  e.a.b.i.s.u.ArchitectureUpdateServiceImpl - Contributors ModelCoverageReportTemplateArchitectureUpdateContributor and TestCaseSignalDatatypeArchitectureUpdateContributorImpl have the same order priority 2147483647 (ep.coverage.model.bl.internal.architectureupdate.ModelCoverageReportTemplateArchitectureUpdateContributor, ep.analysis.bl.internal.listeners.architectureupdate.TestCaseSignalDatatypeArchitectureUpdateContributorImpl)
2025-03-30 04:07:51 - [Refresh Thread: Equinox Container: 5282e506-2924-4de4-82f2-c77ee8c549b3] WARN  e.a.b.i.s.u.ArchitectureUpdateServiceImpl - Contributors CALVariantUpdateServiceContributor and ValidationVectorArchitectureUpdateServiceContributor have the same order priority 3000 (ep.architecture.bl.internal.services.update.CALVariantUpdateServiceContributor, ep.formalsimulation.impl.listeners.architectureupdate.ValidationVectorArchitectureUpdateServiceContributor)
2025-03-30 04:07:52 - [Refresh Thread: Equinox Container: 5282e506-2924-4de4-82f2-c77ee8c549b3] WARN  e.a.b.i.s.u.ArchitectureUpdateServiceImpl - Contributors CodeCoverageArchitectureUpdateServiceContributor and CCCArchitectureUpdateContributor have the same order priority 10000 (ep.coverage.ccode.bl.internal.listeners.architectureupdate.CodeCoverageArchitectureUpdateServiceContributor, ep.ccc.bl.internal.listeners.CCCArchitectureUpdateContributor)
2025-03-30 04:07:53 - [Refresh Thread: Equinox Container: 5282e506-2924-4de4-82f2-c77ee8c549b3] WARN  e.a.b.i.s.u.ArchitectureUpdateServiceImpl - Contributors CALVariantUpdateServiceContributor and RBTTestCaseArchitectureUpdateServiceContributor have the same order priority 3000 (ep.architecture.bl.internal.services.update.CALVariantUpdateServiceContributor, ep.analysis.test.bl.internal.listeners.architectureupdate.RBTTestCaseArchitectureUpdateServiceContributor)
2025-03-30 04:07:53 - [Refresh Thread: Equinox Container: 5282e506-2924-4de4-82f2-c77ee8c549b3] WARN  e.a.b.i.s.u.ArchitectureUpdateServiceImpl - Contributors RBTExecutionRemoveMappingModificationContributorImpl and B2BSVExecutionRemoveMappingModificationContributor have the same order priority 3500 (ep.analysis.test.bl.internal.listeners.architectureupdate.RBTExecutionRemoveMappingModificationContributorImpl, ep.analysis.b2b.internal.listeners.architectureupdate.impl.B2BSVExecutionRemoveMappingModificationContributor)
2025-03-30 04:07:53 - [Refresh Thread: Equinox Container: 5282e506-2924-4de4-82f2-c77ee8c549b3] WARN  e.a.b.i.s.u.ArchitectureUpdateServiceImpl - Contributors CALVariantUpdateServiceContributor and B2BStimuliVectorExecutionRemoveUpdateContributor have the same order priority 3000 (ep.architecture.bl.internal.services.update.CALVariantUpdateServiceContributor, ep.analysis.b2b.internal.listeners.architectureupdate.impl.B2BStimuliVectorExecutionRemoveUpdateContributor)
2025-03-30 04:07:54 - [Framework Event Dispatcher: Equinox Container: 5282e506-2924-4de4-82f2-c77ee8c549b3] ERROR e.r.s.i.RestServiceManagerImpl - REST SERVER can not be started. Installed AddOns REST Server Add-On could not be licensed.
No licenses for package REST Server Add-On. 
Checkout of license feature ET_AUTOMATION_SERVER version 23.1 failed.

Checkout of feature ET_AUTOMATION_SERVER (version 23.1) failed.
(#-5) No such feature exists.
Feature:       ET_AUTOMATION_SERVER
License path:  27005@192.168.1.7:
FlexNet Licensing error:-5,147
2025-03-30 04:07:55 - [main] ERROR e.a.headless.HeadlessApplication - Exit of EmbeddedPlatform REST server requested: REST SERVER can not be started. Installed AddOns REST Server Add-On could not be licensed.
No licenses for package REST Server Add-On. 
Checkout of license feature ET_AUTOMATION_SERVER version 23.1 failed.

Checkout of feature ET_AUTOMATION_SERVER (version 23.1) failed.
(#-5) No such feature exists.
Feature:       ET_AUTOMATION_SERVER
License path:  27005@192.168.1.7:
FlexNet Licensing error:-5,147
2025-03-30 04:08:57 - [Start Level: Equinox Container: 344e9b23-c274-4f5f-beab-776c82abdfd5] WARN  e.b.t.i.n.TransactionEventFilter - cannot cache event Licensing/LicensingChanged LicensingChangedEvent since no active transaction - event is dispatched immediately
2025-03-30 04:09:01 - [Start Level: Equinox Container: 344e9b23-c274-4f5f-beab-776c82abdfd5] WARN  e.a.b.i.s.u.ArchitectureUpdateServiceImpl - Contributors ModelCoverageReportTemplateArchitectureUpdateContributor and TestCaseSignalDatatypeArchitectureUpdateContributorImpl have the same order priority 2147483647 (ep.coverage.model.bl.internal.architectureupdate.ModelCoverageReportTemplateArchitectureUpdateContributor, ep.analysis.bl.internal.listeners.architectureupdate.TestCaseSignalDatatypeArchitectureUpdateContributorImpl)
2025-03-30 04:09:02 - [Start Level: Equinox Container: 344e9b23-c274-4f5f-beab-776c82abdfd5] WARN  e.a.b.i.s.u.ArchitectureUpdateServiceImpl - Contributors CALVariantUpdateServiceContributor and B2BStimuliVectorExecutionRemoveUpdateContributor have the same order priority 3000 (ep.architecture.bl.internal.services.update.CALVariantUpdateServiceContributor, ep.analysis.b2b.internal.listeners.architectureupdate.impl.B2BStimuliVectorExecutionRemoveUpdateContributor)
2025-03-30 04:09:02 - [Start Level: Equinox Container: 344e9b23-c274-4f5f-beab-776c82abdfd5] WARN  e.a.b.i.s.u.ArchitectureUpdateServiceImpl - Contributors B2BSVExecutionRemoveMappingModificationContributor and RBTExecutionRemoveMappingModificationContributorImpl have the same order priority 3500 (ep.analysis.b2b.internal.listeners.architectureupdate.impl.B2BSVExecutionRemoveMappingModificationContributor, ep.analysis.test.bl.internal.listeners.architectureupdate.RBTExecutionRemoveMappingModificationContributorImpl)
2025-03-30 04:09:02 - [Start Level: Equinox Container: 344e9b23-c274-4f5f-beab-776c82abdfd5] WARN  e.a.b.i.s.u.ArchitectureUpdateServiceImpl - Contributors CALVariantUpdateServiceContributor and RBTTestCaseArchitectureUpdateServiceContributor have the same order priority 3000 (ep.architecture.bl.internal.services.update.CALVariantUpdateServiceContributor, ep.analysis.test.bl.internal.listeners.architectureupdate.RBTTestCaseArchitectureUpdateServiceContributor)
2025-03-30 04:09:04 - [Start Level: Equinox Container: 344e9b23-c274-4f5f-beab-776c82abdfd5] WARN  e.a.b.i.s.u.ArchitectureUpdateServiceImpl - Contributors CodeCoverageArchitectureUpdateServiceContributor and CCCArchitectureUpdateContributor have the same order priority 10000 (ep.coverage.ccode.bl.internal.listeners.architectureupdate.CodeCoverageArchitectureUpdateServiceContributor, ep.ccc.bl.internal.listeners.CCCArchitectureUpdateContributor)
2025-03-30 04:09:04 - [Start Level: Equinox Container: 344e9b23-c274-4f5f-beab-776c82abdfd5] WARN  e.a.b.i.s.u.ArchitectureUpdateServiceImpl - Contributors CALVariantUpdateServiceContributor and ValidationVectorArchitectureUpdateServiceContributor have the same order priority 3000 (ep.architecture.bl.internal.services.update.CALVariantUpdateServiceContributor, ep.formalsimulation.impl.listeners.architectureupdate.ValidationVectorArchitectureUpdateServiceContributor)
2025-03-30 04:09:05 - [Framework Event Dispatcher: Equinox Container: 344e9b23-c274-4f5f-beab-776c82abdfd5] ERROR e.r.s.i.RestServiceManagerImpl - REST SERVER can not be started. Installed AddOns REST Server Add-On could not be licensed.
No licenses for package REST Server Add-On. 
Checkout of license feature ET_AUTOMATION_SERVER version 23.1 failed.

Checkout of feature ET_AUTOMATION_SERVER (version 23.1) failed.
(#-5) No such feature exists.
Feature:       ET_AUTOMATION_SERVER
License path:  27005@192.168.1.7:
FlexNet Licensing error:-5,147
2025-03-30 04:09:06 - [main] ERROR e.a.headless.HeadlessApplication - Exit of EmbeddedPlatform REST server requested: REST SERVER can not be started. Installed AddOns REST Server Add-On could not be licensed.
No licenses for package REST Server Add-On. 
Checkout of license feature ET_AUTOMATION_SERVER version 23.1 failed.

Checkout of feature ET_AUTOMATION_SERVER (version 23.1) failed.
(#-5) No such feature exists.
Feature:       ET_AUTOMATION_SERVER
License path:  27005@192.168.1.7:
FlexNet Licensing error:-5,147
2025-03-30 04:13:17 - [Refresh Thread: Equinox Container: fcbf0e82-1eff-4b76-a6c9-0a7943ee3459] WARN  e.b.b.i.s.l.InstalledPackageHandler - Licensing package name '8080' of VM property ep.licensing.package is not valid.
2025-03-30 04:13:21 - [Refresh Thread: Equinox Container: fcbf0e82-1eff-4b76-a6c9-0a7943ee3459] WARN  e.a.b.i.s.u.ArchitectureUpdateServiceImpl - Contributors ModelCoverageReportTemplateArchitectureUpdateContributor and TestCaseSignalDatatypeArchitectureUpdateContributorImpl have the same order priority 2147483647 (ep.coverage.model.bl.internal.architectureupdate.ModelCoverageReportTemplateArchitectureUpdateContributor, ep.analysis.bl.internal.listeners.architectureupdate.TestCaseSignalDatatypeArchitectureUpdateContributorImpl)
2025-03-30 04:13:22 - [Refresh Thread: Equinox Container: fcbf0e82-1eff-4b76-a6c9-0a7943ee3459] WARN  e.a.b.i.s.u.ArchitectureUpdateServiceImpl - Contributors CALVariantUpdateServiceContributor and ValidationVectorArchitectureUpdateServiceContributor have the same order priority 3000 (ep.architecture.bl.internal.services.update.CALVariantUpdateServiceContributor, ep.formalsimulation.impl.listeners.architectureupdate.ValidationVectorArchitectureUpdateServiceContributor)
2025-03-30 04:13:23 - [Refresh Thread: Equinox Container: fcbf0e82-1eff-4b76-a6c9-0a7943ee3459] WARN  e.a.b.i.s.u.ArchitectureUpdateServiceImpl - Contributors CodeCoverageArchitectureUpdateServiceContributor and CCCArchitectureUpdateContributor have the same order priority 10000 (ep.coverage.ccode.bl.internal.listeners.architectureupdate.CodeCoverageArchitectureUpdateServiceContributor, ep.ccc.bl.internal.listeners.CCCArchitectureUpdateContributor)
2025-03-30 04:13:23 - [Refresh Thread: Equinox Container: fcbf0e82-1eff-4b76-a6c9-0a7943ee3459] WARN  e.a.b.i.s.u.ArchitectureUpdateServiceImpl - Contributors CALVariantUpdateServiceContributor and RBTTestCaseArchitectureUpdateServiceContributor have the same order priority 3000 (ep.architecture.bl.internal.services.update.CALVariantUpdateServiceContributor, ep.analysis.test.bl.internal.listeners.architectureupdate.RBTTestCaseArchitectureUpdateServiceContributor)
2025-03-30 04:13:24 - [Refresh Thread: Equinox Container: fcbf0e82-1eff-4b76-a6c9-0a7943ee3459] WARN  e.a.b.i.s.u.ArchitectureUpdateServiceImpl - Contributors RBTExecutionRemoveMappingModificationContributorImpl and B2BSVExecutionRemoveMappingModificationContributor have the same order priority 3500 (ep.analysis.test.bl.internal.listeners.architectureupdate.RBTExecutionRemoveMappingModificationContributorImpl, ep.analysis.b2b.internal.listeners.architectureupdate.impl.B2BSVExecutionRemoveMappingModificationContributor)
2025-03-30 04:13:24 - [Refresh Thread: Equinox Container: fcbf0e82-1eff-4b76-a6c9-0a7943ee3459] WARN  e.a.b.i.s.u.ArchitectureUpdateServiceImpl - Contributors CALVariantUpdateServiceContributor and B2BStimuliVectorExecutionRemoveUpdateContributor have the same order priority 3000 (ep.architecture.bl.internal.services.update.CALVariantUpdateServiceContributor, ep.analysis.b2b.internal.listeners.architectureupdate.impl.B2BStimuliVectorExecutionRemoveUpdateContributor)
2025-03-30 04:18:28 - [Start Level: Equinox Container: 536d1edd-e89e-4f7c-93b8-6ddd6610a252] WARN  e.b.t.i.n.TransactionEventFilter - cannot cache event Licensing/LicensingChanged LicensingChangedEvent since no active transaction - event is dispatched immediately
2025-03-30 04:18:32 - [Start Level: Equinox Container: 536d1edd-e89e-4f7c-93b8-6ddd6610a252] WARN  e.a.b.i.s.u.ArchitectureUpdateServiceImpl - Contributors ModelCoverageReportTemplateArchitectureUpdateContributor and TestCaseSignalDatatypeArchitectureUpdateContributorImpl have the same order priority 2147483647 (ep.coverage.model.bl.internal.architectureupdate.ModelCoverageReportTemplateArchitectureUpdateContributor, ep.analysis.bl.internal.listeners.architectureupdate.TestCaseSignalDatatypeArchitectureUpdateContributorImpl)
2025-03-30 04:18:32 - [Start Level: Equinox Container: 536d1edd-e89e-4f7c-93b8-6ddd6610a252] WARN  e.a.b.i.s.u.ArchitectureUpdateServiceImpl - Contributors CALVariantUpdateServiceContributor and B2BStimuliVectorExecutionRemoveUpdateContributor have the same order priority 3000 (ep.architecture.bl.internal.services.update.CALVariantUpdateServiceContributor, ep.analysis.b2b.internal.listeners.architectureupdate.impl.B2BStimuliVectorExecutionRemoveUpdateContributor)
2025-03-30 04:18:33 - [Start Level: Equinox Container: 536d1edd-e89e-4f7c-93b8-6ddd6610a252] WARN  e.a.b.i.s.u.ArchitectureUpdateServiceImpl - Contributors B2BSVExecutionRemoveMappingModificationContributor and RBTExecutionRemoveMappingModificationContributorImpl have the same order priority 3500 (ep.analysis.b2b.internal.listeners.architectureupdate.impl.B2BSVExecutionRemoveMappingModificationContributor, ep.analysis.test.bl.internal.listeners.architectureupdate.RBTExecutionRemoveMappingModificationContributorImpl)
2025-03-30 04:18:33 - [Start Level: Equinox Container: 536d1edd-e89e-4f7c-93b8-6ddd6610a252] WARN  e.a.b.i.s.u.ArchitectureUpdateServiceImpl - Contributors CALVariantUpdateServiceContributor and RBTTestCaseArchitectureUpdateServiceContributor have the same order priority 3000 (ep.architecture.bl.internal.services.update.CALVariantUpdateServiceContributor, ep.analysis.test.bl.internal.listeners.architectureupdate.RBTTestCaseArchitectureUpdateServiceContributor)
2025-03-30 04:18:34 - [Start Level: Equinox Container: 536d1edd-e89e-4f7c-93b8-6ddd6610a252] WARN  e.a.b.i.s.u.ArchitectureUpdateServiceImpl - Contributors CodeCoverageArchitectureUpdateServiceContributor and CCCArchitectureUpdateContributor have the same order priority 10000 (ep.coverage.ccode.bl.internal.listeners.architectureupdate.CodeCoverageArchitectureUpdateServiceContributor, ep.ccc.bl.internal.listeners.CCCArchitectureUpdateContributor)
2025-03-30 04:18:34 - [Start Level: Equinox Container: 536d1edd-e89e-4f7c-93b8-6ddd6610a252] WARN  e.a.b.i.s.u.ArchitectureUpdateServiceImpl - Contributors CALVariantUpdateServiceContributor and ValidationVectorArchitectureUpdateServiceContributor have the same order priority 3000 (ep.architecture.bl.internal.services.update.CALVariantUpdateServiceContributor, ep.formalsimulation.impl.listeners.architectureupdate.ValidationVectorArchitectureUpdateServiceContributor)
2025-03-30 04:18:35 - [Framework Event Dispatcher: Equinox Container: 536d1edd-e89e-4f7c-93b8-6ddd6610a252] ERROR e.r.s.i.RestServiceManagerImpl - REST SERVER can not be started. Installed AddOns REST Server Add-On could not be licensed.
No licenses for package REST Server Add-On. 
Checkout of license feature ET_AUTOMATION_SERVER version 23.1 failed.

Checkout of feature ET_AUTOMATION_SERVER (version 23.1) failed.
(#-5) No such feature exists.
Feature:       ET_AUTOMATION_SERVER
License path:  27005@192.168.1.7:
FlexNet Licensing error:-5,147
2025-03-30 04:18:36 - [main] ERROR e.a.headless.HeadlessApplication - Exit of EmbeddedPlatform REST server requested: REST SERVER can not be started. Installed AddOns REST Server Add-On could not be licensed.
No licenses for package REST Server Add-On. 
Checkout of license feature ET_AUTOMATION_SERVER version 23.1 failed.

Checkout of feature ET_AUTOMATION_SERVER (version 23.1) failed.
(#-5) No such feature exists.
Feature:       ET_AUTOMATION_SERVER
License path:  27005@192.168.1.7:
FlexNet Licensing error:-5,147
2025-03-30 04:27:36 - [Start Level: Equinox Container: 77325b17-a799-4dc9-aa64-76b786c970a1] WARN  e.b.t.i.n.TransactionEventFilter - cannot cache event Licensing/LicensingChanged LicensingChangedEvent since no active transaction - event is dispatched immediately
2025-03-30 04:27:39 - [Start Level: Equinox Container: 77325b17-a799-4dc9-aa64-76b786c970a1] WARN  e.a.b.i.s.u.ArchitectureUpdateServiceImpl - Contributors ModelCoverageReportTemplateArchitectureUpdateContributor and TestCaseSignalDatatypeArchitectureUpdateContributorImpl have the same order priority 2147483647 (ep.coverage.model.bl.internal.architectureupdate.ModelCoverageReportTemplateArchitectureUpdateContributor, ep.analysis.bl.internal.listeners.architectureupdate.TestCaseSignalDatatypeArchitectureUpdateContributorImpl)
2025-03-30 04:27:40 - [Start Level: Equinox Container: 77325b17-a799-4dc9-aa64-76b786c970a1] WARN  e.a.b.i.s.u.ArchitectureUpdateServiceImpl - Contributors CALVariantUpdateServiceContributor and B2BStimuliVectorExecutionRemoveUpdateContributor have the same order priority 3000 (ep.architecture.bl.internal.services.update.CALVariantUpdateServiceContributor, ep.analysis.b2b.internal.listeners.architectureupdate.impl.B2BStimuliVectorExecutionRemoveUpdateContributor)
2025-03-30 04:27:40 - [Start Level: Equinox Container: 77325b17-a799-4dc9-aa64-76b786c970a1] WARN  e.a.b.i.s.u.ArchitectureUpdateServiceImpl - Contributors B2BSVExecutionRemoveMappingModificationContributor and RBTExecutionRemoveMappingModificationContributorImpl have the same order priority 3500 (ep.analysis.b2b.internal.listeners.architectureupdate.impl.B2BSVExecutionRemoveMappingModificationContributor, ep.analysis.test.bl.internal.listeners.architectureupdate.RBTExecutionRemoveMappingModificationContributorImpl)
2025-03-30 04:27:40 - [Start Level: Equinox Container: 77325b17-a799-4dc9-aa64-76b786c970a1] WARN  e.a.b.i.s.u.ArchitectureUpdateServiceImpl - Contributors CALVariantUpdateServiceContributor and RBTTestCaseArchitectureUpdateServiceContributor have the same order priority 3000 (ep.architecture.bl.internal.services.update.CALVariantUpdateServiceContributor, ep.analysis.test.bl.internal.listeners.architectureupdate.RBTTestCaseArchitectureUpdateServiceContributor)
2025-03-30 04:27:42 - [Start Level: Equinox Container: 77325b17-a799-4dc9-aa64-76b786c970a1] WARN  e.a.b.i.s.u.ArchitectureUpdateServiceImpl - Contributors CodeCoverageArchitectureUpdateServiceContributor and CCCArchitectureUpdateContributor have the same order priority 10000 (ep.coverage.ccode.bl.internal.listeners.architectureupdate.CodeCoverageArchitectureUpdateServiceContributor, ep.ccc.bl.internal.listeners.CCCArchitectureUpdateContributor)
2025-03-30 04:27:42 - [Start Level: Equinox Container: 77325b17-a799-4dc9-aa64-76b786c970a1] WARN  e.a.b.i.s.u.ArchitectureUpdateServiceImpl - Contributors CALVariantUpdateServiceContributor and ValidationVectorArchitectureUpdateServiceContributor have the same order priority 3000 (ep.architecture.bl.internal.services.update.CALVariantUpdateServiceContributor, ep.formalsimulation.impl.listeners.architectureupdate.ValidationVectorArchitectureUpdateServiceContributor)
2025-03-30 04:27:42 - [Framework Event Dispatcher: Equinox Container: 77325b17-a799-4dc9-aa64-76b786c970a1] ERROR e.r.s.i.RestServiceManagerImpl - REST SERVER can not be started. Installed AddOns REST Server Add-On could not be licensed.
No licenses for package REST Server Add-On. 
Checkout of license feature ET_AUTOMATION_SERVER version 23.1 failed.

Checkout of feature ET_AUTOMATION_SERVER (version 23.1) failed.
(#-5) No such feature exists.
Feature:       ET_AUTOMATION_SERVER
License path:  27005@192.168.1.7:
FlexNet Licensing error:-5,147
2025-03-30 04:27:43 - [main] ERROR e.a.headless.HeadlessApplication - Exit of EmbeddedPlatform REST server requested: REST SERVER can not be started. Installed AddOns REST Server Add-On could not be licensed.
No licenses for package REST Server Add-On. 
Checkout of license feature ET_AUTOMATION_SERVER version 23.1 failed.

Checkout of feature ET_AUTOMATION_SERVER (version 23.1) failed.
(#-5) No such feature exists.
Feature:       ET_AUTOMATION_SERVER
License path:  27005@192.168.1.7:
FlexNet Licensing error:-5,147
2025-03-30 04:33:47 - [Start Level: Equinox Container: 90b3bce0-3afd-416a-9edf-33d664ef887a] WARN  e.b.t.i.n.TransactionEventFilter - cannot cache event Licensing/LicensingChanged LicensingChangedEvent since no active transaction - event is dispatched immediately
2025-03-30 04:33:51 - [Start Level: Equinox Container: 90b3bce0-3afd-416a-9edf-33d664ef887a] WARN  e.a.b.i.s.u.ArchitectureUpdateServiceImpl - Contributors ModelCoverageReportTemplateArchitectureUpdateContributor and TestCaseSignalDatatypeArchitectureUpdateContributorImpl have the same order priority 2147483647 (ep.coverage.model.bl.internal.architectureupdate.ModelCoverageReportTemplateArchitectureUpdateContributor, ep.analysis.bl.internal.listeners.architectureupdate.TestCaseSignalDatatypeArchitectureUpdateContributorImpl)
2025-03-30 04:33:51 - [Start Level: Equinox Container: 90b3bce0-3afd-416a-9edf-33d664ef887a] WARN  e.a.b.i.s.u.ArchitectureUpdateServiceImpl - Contributors CALVariantUpdateServiceContributor and B2BStimuliVectorExecutionRemoveUpdateContributor have the same order priority 3000 (ep.architecture.bl.internal.services.update.CALVariantUpdateServiceContributor, ep.analysis.b2b.internal.listeners.architectureupdate.impl.B2BStimuliVectorExecutionRemoveUpdateContributor)
2025-03-30 04:33:51 - [Start Level: Equinox Container: 90b3bce0-3afd-416a-9edf-33d664ef887a] WARN  e.a.b.i.s.u.ArchitectureUpdateServiceImpl - Contributors B2BSVExecutionRemoveMappingModificationContributor and RBTExecutionRemoveMappingModificationContributorImpl have the same order priority 3500 (ep.analysis.b2b.internal.listeners.architectureupdate.impl.B2BSVExecutionRemoveMappingModificationContributor, ep.analysis.test.bl.internal.listeners.architectureupdate.RBTExecutionRemoveMappingModificationContributorImpl)
2025-03-30 04:33:52 - [Start Level: Equinox Container: 90b3bce0-3afd-416a-9edf-33d664ef887a] WARN  e.a.b.i.s.u.ArchitectureUpdateServiceImpl - Contributors CALVariantUpdateServiceContributor and RBTTestCaseArchitectureUpdateServiceContributor have the same order priority 3000 (ep.architecture.bl.internal.services.update.CALVariantUpdateServiceContributor, ep.analysis.test.bl.internal.listeners.architectureupdate.RBTTestCaseArchitectureUpdateServiceContributor)
2025-03-30 04:33:53 - [Start Level: Equinox Container: 90b3bce0-3afd-416a-9edf-33d664ef887a] WARN  e.a.b.i.s.u.ArchitectureUpdateServiceImpl - Contributors CodeCoverageArchitectureUpdateServiceContributor and CCCArchitectureUpdateContributor have the same order priority 10000 (ep.coverage.ccode.bl.internal.listeners.architectureupdate.CodeCoverageArchitectureUpdateServiceContributor, ep.ccc.bl.internal.listeners.CCCArchitectureUpdateContributor)
2025-03-30 04:33:53 - [Start Level: Equinox Container: 90b3bce0-3afd-416a-9edf-33d664ef887a] WARN  e.a.b.i.s.u.ArchitectureUpdateServiceImpl - Contributors CALVariantUpdateServiceContributor and ValidationVectorArchitectureUpdateServiceContributor have the same order priority 3000 (ep.architecture.bl.internal.services.update.CALVariantUpdateServiceContributor, ep.formalsimulation.impl.listeners.architectureupdate.ValidationVectorArchitectureUpdateServiceContributor)
2025-03-30 04:33:54 - [Framework Event Dispatcher: Equinox Container: 90b3bce0-3afd-416a-9edf-33d664ef887a] ERROR e.r.s.i.RestServiceManagerImpl - REST SERVER can not be started. Installed AddOns REST Server Add-On could not be licensed.
No licenses for package REST Server Add-On. 
Checkout of license feature ET_AUTOMATION_SERVER version 23.1 failed.

Checkout of feature ET_AUTOMATION_SERVER (version 23.1) failed.
(#-5) No such feature exists.
Feature:       ET_AUTOMATION_SERVER
License path:  27005@192.168.1.7:
FlexNet Licensing error:-5,147
2025-03-30 04:33:55 - [main] ERROR e.a.headless.HeadlessApplication - Exit of EmbeddedPlatform REST server requested: REST SERVER can not be started. Installed AddOns REST Server Add-On could not be licensed.
No licenses for package REST Server Add-On. 
Checkout of license feature ET_AUTOMATION_SERVER version 23.1 failed.

Checkout of feature ET_AUTOMATION_SERVER (version 23.1) failed.
(#-5) No such feature exists.
Feature:       ET_AUTOMATION_SERVER
License path:  27005@192.168.1.7:
FlexNet Licensing error:-5,147
2025-03-30 04:49:00 - [Refresh Thread: Equinox Container: a716f35b-d4e5-42d4-b1c3-3d25eae6cff7] WARN  e.b.t.i.n.TransactionEventFilter - cannot cache event Licensing/LicensingChanged LicensingChangedEvent since no active transaction - event is dispatched immediately
2025-03-30 04:49:05 - [Refresh Thread: Equinox Container: a716f35b-d4e5-42d4-b1c3-3d25eae6cff7] WARN  e.a.b.i.s.u.ArchitectureUpdateServiceImpl - Contributors ModelCoverageReportTemplateArchitectureUpdateContributor and TestCaseSignalDatatypeArchitectureUpdateContributorImpl have the same order priority 2147483647 (ep.coverage.model.bl.internal.architectureupdate.ModelCoverageReportTemplateArchitectureUpdateContributor, ep.analysis.bl.internal.listeners.architectureupdate.TestCaseSignalDatatypeArchitectureUpdateContributorImpl)
2025-03-30 04:49:06 - [Refresh Thread: Equinox Container: a716f35b-d4e5-42d4-b1c3-3d25eae6cff7] WARN  e.a.b.i.s.u.ArchitectureUpdateServiceImpl - Contributors CALVariantUpdateServiceContributor and ValidationVectorArchitectureUpdateServiceContributor have the same order priority 3000 (ep.architecture.bl.internal.services.update.CALVariantUpdateServiceContributor, ep.formalsimulation.impl.listeners.architectureupdate.ValidationVectorArchitectureUpdateServiceContributor)
2025-03-30 04:49:06 - [Refresh Thread: Equinox Container: a716f35b-d4e5-42d4-b1c3-3d25eae6cff7] WARN  e.a.b.i.s.u.ArchitectureUpdateServiceImpl - Contributors CodeCoverageArchitectureUpdateServiceContributor and CCCArchitectureUpdateContributor have the same order priority 10000 (ep.coverage.ccode.bl.internal.listeners.architectureupdate.CodeCoverageArchitectureUpdateServiceContributor, ep.ccc.bl.internal.listeners.CCCArchitectureUpdateContributor)
2025-03-30 04:49:07 - [Refresh Thread: Equinox Container: a716f35b-d4e5-42d4-b1c3-3d25eae6cff7] WARN  e.a.b.i.s.u.ArchitectureUpdateServiceImpl - Contributors CALVariantUpdateServiceContributor and RBTTestCaseArchitectureUpdateServiceContributor have the same order priority 3000 (ep.architecture.bl.internal.services.update.CALVariantUpdateServiceContributor, ep.analysis.test.bl.internal.listeners.architectureupdate.RBTTestCaseArchitectureUpdateServiceContributor)
2025-03-30 04:49:07 - [Refresh Thread: Equinox Container: a716f35b-d4e5-42d4-b1c3-3d25eae6cff7] WARN  e.a.b.i.s.u.ArchitectureUpdateServiceImpl - Contributors RBTExecutionRemoveMappingModificationContributorImpl and B2BSVExecutionRemoveMappingModificationContributor have the same order priority 3500 (ep.analysis.test.bl.internal.listeners.architectureupdate.RBTExecutionRemoveMappingModificationContributorImpl, ep.analysis.b2b.internal.listeners.architectureupdate.impl.B2BSVExecutionRemoveMappingModificationContributor)
2025-03-30 04:49:07 - [Refresh Thread: Equinox Container: a716f35b-d4e5-42d4-b1c3-3d25eae6cff7] WARN  e.a.b.i.s.u.ArchitectureUpdateServiceImpl - Contributors CALVariantUpdateServiceContributor and B2BStimuliVectorExecutionRemoveUpdateContributor have the same order priority 3000 (ep.architecture.bl.internal.services.update.CALVariantUpdateServiceContributor, ep.analysis.b2b.internal.listeners.architectureupdate.impl.B2BStimuliVectorExecutionRemoveUpdateContributor)
2025-03-30 04:49:09 - [Framework Event Dispatcher: Equinox Container: a716f35b-d4e5-42d4-b1c3-3d25eae6cff7] ERROR e.r.s.i.RestServiceManagerImpl - REST SERVER can not be started. No licenses for package BTC EmbeddedPlatform COMPLETE. 
Checkout of license feature EP_COMPLETE version 23.1 failed.
Checkout of feature EP_COMPLETE (version 23.1) failed.
(#-5) No such feature exists.
Feature:       EP_COMPLETE
License path:  27005@192.168.1.7:
FlexNet Licensing error:-5,147
2025-03-30 04:49:10 - [main] ERROR e.a.headless.HeadlessApplication - Exit of EmbeddedPlatform REST server requested: REST SERVER can not be started. No licenses for package BTC EmbeddedPlatform COMPLETE. 
Checkout of license feature EP_COMPLETE version 23.1 failed.
Checkout of feature EP_COMPLETE (version 23.1) failed.
(#-5) No such feature exists.
Feature:       EP_COMPLETE
License path:  27005@192.168.1.7:
FlexNet Licensing error:-5,147
