2025-03-31 09:37:30 - [Refresh Thread: Equinox Container: 0d065d5e-c869-45d9-9688-508ae20f4b67] WARN  e.b.b.i.s.l.InstalledPackageHandler - Licensing package name '8080' of VM property ep.licensing.package is not valid.
2025-03-31 09:37:34 - [Refresh Thread: Equinox Container: 0d065d5e-c869-45d9-9688-508ae20f4b67] WARN  e.a.b.i.s.u.ArchitectureUpdateServiceImpl - Contributors ModelCoverageReportTemplateArchitectureUpdateContributor and TestCaseSignalDatatypeArchitectureUpdateContributorImpl have the same order priority 2147483647 (ep.coverage.model.bl.internal.architectureupdate.ModelCoverageReportTemplateArchitectureUpdateContributor, ep.analysis.bl.internal.listeners.architectureupdate.TestCaseSignalDatatypeArchitectureUpdateContributorImpl)
2025-03-31 09:37:35 - [Refresh Thread: Equinox Container: 0d065d5e-c869-45d9-9688-508ae20f4b67] WARN  e.a.b.i.s.u.ArchitectureUpdateServiceImpl - Contributors CALVariantUpdateServiceContributor and ValidationVectorArchitectureUpdateServiceContributor have the same order priority 3000 (ep.architecture.bl.internal.services.update.CALVariantUpdateServiceContributor, ep.formalsimulation.impl.listeners.architectureupdate.ValidationVectorArchitectureUpdateServiceContributor)
2025-03-31 09:37:36 - [Refresh Thread: Equinox Container: 0d065d5e-c869-45d9-9688-508ae20f4b67] WARN  e.a.b.i.s.u.ArchitectureUpdateServiceImpl - Contributors CodeCoverageArchitectureUpdateServiceContributor and CCCArchitectureUpdateContributor have the same order priority 10000 (ep.coverage.ccode.bl.internal.listeners.architectureupdate.CodeCoverageArchitectureUpdateServiceContributor, ep.ccc.bl.internal.listeners.CCCArchitectureUpdateContributor)
2025-03-31 09:37:36 - [Refresh Thread: Equinox Container: 0d065d5e-c869-45d9-9688-508ae20f4b67] WARN  e.a.b.i.s.u.ArchitectureUpdateServiceImpl - Contributors CALVariantUpdateServiceContributor and RBTTestCaseArchitectureUpdateServiceContributor have the same order priority 3000 (ep.architecture.bl.internal.services.update.CALVariantUpdateServiceContributor, ep.analysis.test.bl.internal.listeners.architectureupdate.RBTTestCaseArchitectureUpdateServiceContributor)
2025-03-31 09:37:37 - [Refresh Thread: Equinox Container: 0d065d5e-c869-45d9-9688-508ae20f4b67] WARN  e.a.b.i.s.u.ArchitectureUpdateServiceImpl - Contributors RBTExecutionRemoveMappingModificationContributorImpl and B2BSVExecutionRemoveMappingModificationContributor have the same order priority 3500 (ep.analysis.test.bl.internal.listeners.architectureupdate.RBTExecutionRemoveMappingModificationContributorImpl, ep.analysis.b2b.internal.listeners.architectureupdate.impl.B2BSVExecutionRemoveMappingModificationContributor)
2025-03-31 09:37:37 - [Refresh Thread: Equinox Container: 0d065d5e-c869-45d9-9688-508ae20f4b67] WARN  e.a.b.i.s.u.ArchitectureUpdateServiceImpl - Contributors CALVariantUpdateServiceContributor and B2BStimuliVectorExecutionRemoveUpdateContributor have the same order priority 3000 (ep.architecture.bl.internal.services.update.CALVariantUpdateServiceContributor, ep.analysis.b2b.internal.listeners.architectureupdate.impl.B2BStimuliVectorExecutionRemoveUpdateContributor)
2025-03-31 09:40:24 - [Start Level: Equinox Container: 2c2faaae-6be3-480e-b935-1b837277b709] WARN  e.a.b.i.s.u.ArchitectureUpdateServiceImpl - Contributors ModelCoverageReportTemplateArchitectureUpdateContributor and TestCaseSignalDatatypeArchitectureUpdateContributorImpl have the same order priority 2147483647 (ep.coverage.model.bl.internal.architectureupdate.ModelCoverageReportTemplateArchitectureUpdateContributor, ep.analysis.bl.internal.listeners.architectureupdate.TestCaseSignalDatatypeArchitectureUpdateContributorImpl)
2025-03-31 09:40:24 - [Start Level: Equinox Container: 2c2faaae-6be3-480e-b935-1b837277b709] WARN  e.a.b.i.s.u.ArchitectureUpdateServiceImpl - Contributors CALVariantUpdateServiceContributor and B2BStimuliVectorExecutionRemoveUpdateContributor have the same order priority 3000 (ep.architecture.bl.internal.services.update.CALVariantUpdateServiceContributor, ep.analysis.b2b.internal.listeners.architectureupdate.impl.B2BStimuliVectorExecutionRemoveUpdateContributor)
2025-03-31 09:40:25 - [Start Level: Equinox Container: 2c2faaae-6be3-480e-b935-1b837277b709] WARN  e.a.b.i.s.u.ArchitectureUpdateServiceImpl - Contributors B2BSVExecutionRemoveMappingModificationContributor and RBTExecutionRemoveMappingModificationContributorImpl have the same order priority 3500 (ep.analysis.b2b.internal.listeners.architectureupdate.impl.B2BSVExecutionRemoveMappingModificationContributor, ep.analysis.test.bl.internal.listeners.architectureupdate.RBTExecutionRemoveMappingModificationContributorImpl)
2025-03-31 09:40:25 - [Start Level: Equinox Container: 2c2faaae-6be3-480e-b935-1b837277b709] WARN  e.a.b.i.s.u.ArchitectureUpdateServiceImpl - Contributors CALVariantUpdateServiceContributor and RBTTestCaseArchitectureUpdateServiceContributor have the same order priority 3000 (ep.architecture.bl.internal.services.update.CALVariantUpdateServiceContributor, ep.analysis.test.bl.internal.listeners.architectureupdate.RBTTestCaseArchitectureUpdateServiceContributor)
2025-03-31 09:40:26 - [Start Level: Equinox Container: 2c2faaae-6be3-480e-b935-1b837277b709] WARN  e.a.b.i.s.u.ArchitectureUpdateServiceImpl - Contributors CodeCoverageArchitectureUpdateServiceContributor and CCCArchitectureUpdateContributor have the same order priority 10000 (ep.coverage.ccode.bl.internal.listeners.architectureupdate.CodeCoverageArchitectureUpdateServiceContributor, ep.ccc.bl.internal.listeners.CCCArchitectureUpdateContributor)
2025-03-31 09:40:26 - [Start Level: Equinox Container: 2c2faaae-6be3-480e-b935-1b837277b709] WARN  e.a.b.i.s.u.ArchitectureUpdateServiceImpl - Contributors CALVariantUpdateServiceContributor and ValidationVectorArchitectureUpdateServiceContributor have the same order priority 3000 (ep.architecture.bl.internal.services.update.CALVariantUpdateServiceContributor, ep.formalsimulation.impl.listeners.architectureupdate.ValidationVectorArchitectureUpdateServiceContributor)
2025-03-31 09:40:28 - [Framework Event Dispatcher: Equinox Container: 2c2faaae-6be3-480e-b935-1b837277b709] ERROR e.r.s.i.RestServiceManagerImpl - REST SERVER can not be started. Licensing features "Basic" and "REST Server" are not covered by current licensed package .
These installed packages cover the unlicensed features:
 - BTC EmbeddedSpecifier COMPLETE and REST Server Add-On
 - REST Server Add-On and BTC EmbeddedPlatform COMPLETE
 - BTC EmbeddedTester COMPLETE and REST Server Add-On
 - BTC EmbeddedTester BASE and REST Server BASE Add-On
 - BTC EmbeddedSpecifier BASE and REST Server Add-On

2025-03-31 09:40:29 - [main] ERROR e.a.headless.HeadlessApplication - Exit of EmbeddedPlatform REST server requested: REST SERVER can not be started. Licensing features "Basic" and "REST Server" are not covered by current licensed package .
These installed packages cover the unlicensed features:
 - BTC EmbeddedSpecifier COMPLETE and REST Server Add-On
 - REST Server Add-On and BTC EmbeddedPlatform COMPLETE
 - BTC EmbeddedTester COMPLETE and REST Server Add-On
 - BTC EmbeddedTester BASE and REST Server BASE Add-On
 - BTC EmbeddedSpecifier BASE and REST Server Add-On

2025-03-31 09:44:48 - [Start Level: Equinox Container: 50a71a3a-468f-406b-9eaf-1f71b720694d] WARN  e.a.b.i.s.u.ArchitectureUpdateServiceImpl - Contributors ModelCoverageReportTemplateArchitectureUpdateContributor and TestCaseSignalDatatypeArchitectureUpdateContributorImpl have the same order priority 2147483647 (ep.coverage.model.bl.internal.architectureupdate.ModelCoverageReportTemplateArchitectureUpdateContributor, ep.analysis.bl.internal.listeners.architectureupdate.TestCaseSignalDatatypeArchitectureUpdateContributorImpl)
2025-03-31 09:44:48 - [Start Level: Equinox Container: 50a71a3a-468f-406b-9eaf-1f71b720694d] WARN  e.a.b.i.s.u.ArchitectureUpdateServiceImpl - Contributors CALVariantUpdateServiceContributor and B2BStimuliVectorExecutionRemoveUpdateContributor have the same order priority 3000 (ep.architecture.bl.internal.services.update.CALVariantUpdateServiceContributor, ep.analysis.b2b.internal.listeners.architectureupdate.impl.B2BStimuliVectorExecutionRemoveUpdateContributor)
2025-03-31 09:44:48 - [Start Level: Equinox Container: 50a71a3a-468f-406b-9eaf-1f71b720694d] WARN  e.a.b.i.s.u.ArchitectureUpdateServiceImpl - Contributors B2BSVExecutionRemoveMappingModificationContributor and RBTExecutionRemoveMappingModificationContributorImpl have the same order priority 3500 (ep.analysis.b2b.internal.listeners.architectureupdate.impl.B2BSVExecutionRemoveMappingModificationContributor, ep.analysis.test.bl.internal.listeners.architectureupdate.RBTExecutionRemoveMappingModificationContributorImpl)
2025-03-31 09:44:49 - [Start Level: Equinox Container: 50a71a3a-468f-406b-9eaf-1f71b720694d] WARN  e.a.b.i.s.u.ArchitectureUpdateServiceImpl - Contributors CALVariantUpdateServiceContributor and RBTTestCaseArchitectureUpdateServiceContributor have the same order priority 3000 (ep.architecture.bl.internal.services.update.CALVariantUpdateServiceContributor, ep.analysis.test.bl.internal.listeners.architectureupdate.RBTTestCaseArchitectureUpdateServiceContributor)
2025-03-31 09:44:50 - [Start Level: Equinox Container: 50a71a3a-468f-406b-9eaf-1f71b720694d] WARN  e.a.b.i.s.u.ArchitectureUpdateServiceImpl - Contributors CodeCoverageArchitectureUpdateServiceContributor and CCCArchitectureUpdateContributor have the same order priority 10000 (ep.coverage.ccode.bl.internal.listeners.architectureupdate.CodeCoverageArchitectureUpdateServiceContributor, ep.ccc.bl.internal.listeners.CCCArchitectureUpdateContributor)
2025-03-31 09:44:50 - [Start Level: Equinox Container: 50a71a3a-468f-406b-9eaf-1f71b720694d] WARN  e.a.b.i.s.u.ArchitectureUpdateServiceImpl - Contributors CALVariantUpdateServiceContributor and ValidationVectorArchitectureUpdateServiceContributor have the same order priority 3000 (ep.architecture.bl.internal.services.update.CALVariantUpdateServiceContributor, ep.formalsimulation.impl.listeners.architectureupdate.ValidationVectorArchitectureUpdateServiceContributor)
2025-03-31 09:44:51 - [Framework Event Dispatcher: Equinox Container: 50a71a3a-468f-406b-9eaf-1f71b720694d] ERROR e.r.s.i.RestServiceManagerImpl - REST SERVER can not be started. Licensing features "Basic" and "REST Server" are not covered by current licensed package .
These installed packages cover the unlicensed features:
 - BTC EmbeddedTester COMPLETE and REST Server Add-On
 - BTC EmbeddedTester BASE and REST Server BASE Add-On
 - BTC EmbeddedSpecifier COMPLETE and REST Server Add-On
 - REST Server Add-On and BTC EmbeddedPlatform COMPLETE
 - BTC EmbeddedSpecifier BASE and REST Server Add-On

2025-03-31 09:44:52 - [main] ERROR e.a.headless.HeadlessApplication - Exit of EmbeddedPlatform REST server requested: REST SERVER can not be started. Licensing features "Basic" and "REST Server" are not covered by current licensed package .
These installed packages cover the unlicensed features:
 - BTC EmbeddedTester COMPLETE and REST Server Add-On
 - BTC EmbeddedTester BASE and REST Server BASE Add-On
 - BTC EmbeddedSpecifier COMPLETE and REST Server Add-On
 - REST Server Add-On and BTC EmbeddedPlatform COMPLETE
 - BTC EmbeddedSpecifier BASE and REST Server Add-On

2025-03-31 09:46:16 - [Start Level: Equinox Container: ad20b5c6-546f-45a0-a338-4fc9560fc24f] WARN  e.a.b.i.s.u.ArchitectureUpdateServiceImpl - Contributors ModelCoverageReportTemplateArchitectureUpdateContributor and TestCaseSignalDatatypeArchitectureUpdateContributorImpl have the same order priority 2147483647 (ep.coverage.model.bl.internal.architectureupdate.ModelCoverageReportTemplateArchitectureUpdateContributor, ep.analysis.bl.internal.listeners.architectureupdate.TestCaseSignalDatatypeArchitectureUpdateContributorImpl)
2025-03-31 09:46:16 - [Start Level: Equinox Container: ad20b5c6-546f-45a0-a338-4fc9560fc24f] WARN  e.a.b.i.s.u.ArchitectureUpdateServiceImpl - Contributors CALVariantUpdateServiceContributor and B2BStimuliVectorExecutionRemoveUpdateContributor have the same order priority 3000 (ep.architecture.bl.internal.services.update.CALVariantUpdateServiceContributor, ep.analysis.b2b.internal.listeners.architectureupdate.impl.B2BStimuliVectorExecutionRemoveUpdateContributor)
2025-03-31 09:46:16 - [Start Level: Equinox Container: ad20b5c6-546f-45a0-a338-4fc9560fc24f] WARN  e.a.b.i.s.u.ArchitectureUpdateServiceImpl - Contributors B2BSVExecutionRemoveMappingModificationContributor and RBTExecutionRemoveMappingModificationContributorImpl have the same order priority 3500 (ep.analysis.b2b.internal.listeners.architectureupdate.impl.B2BSVExecutionRemoveMappingModificationContributor, ep.analysis.test.bl.internal.listeners.architectureupdate.RBTExecutionRemoveMappingModificationContributorImpl)
2025-03-31 09:46:17 - [Start Level: Equinox Container: ad20b5c6-546f-45a0-a338-4fc9560fc24f] WARN  e.a.b.i.s.u.ArchitectureUpdateServiceImpl - Contributors CALVariantUpdateServiceContributor and RBTTestCaseArchitectureUpdateServiceContributor have the same order priority 3000 (ep.architecture.bl.internal.services.update.CALVariantUpdateServiceContributor, ep.analysis.test.bl.internal.listeners.architectureupdate.RBTTestCaseArchitectureUpdateServiceContributor)
2025-03-31 09:46:18 - [Start Level: Equinox Container: ad20b5c6-546f-45a0-a338-4fc9560fc24f] WARN  e.a.b.i.s.u.ArchitectureUpdateServiceImpl - Contributors CodeCoverageArchitectureUpdateServiceContributor and CCCArchitectureUpdateContributor have the same order priority 10000 (ep.coverage.ccode.bl.internal.listeners.architectureupdate.CodeCoverageArchitectureUpdateServiceContributor, ep.ccc.bl.internal.listeners.CCCArchitectureUpdateContributor)
2025-03-31 09:46:18 - [Start Level: Equinox Container: ad20b5c6-546f-45a0-a338-4fc9560fc24f] WARN  e.a.b.i.s.u.ArchitectureUpdateServiceImpl - Contributors CALVariantUpdateServiceContributor and ValidationVectorArchitectureUpdateServiceContributor have the same order priority 3000 (ep.architecture.bl.internal.services.update.CALVariantUpdateServiceContributor, ep.formalsimulation.impl.listeners.architectureupdate.ValidationVectorArchitectureUpdateServiceContributor)
2025-03-31 09:46:19 - [Framework Event Dispatcher: Equinox Container: ad20b5c6-546f-45a0-a338-4fc9560fc24f] ERROR e.r.s.i.RestServiceManagerImpl - REST SERVER can not be started. Licensing features "Basic" and "REST Server" are not covered by current licensed package .
These installed packages cover the unlicensed features:
 - BTC EmbeddedSpecifier BASE and REST Server Add-On
 - BTC EmbeddedTester COMPLETE and REST Server Add-On
 - BTC EmbeddedTester BASE and REST Server BASE Add-On
 - BTC EmbeddedSpecifier COMPLETE and REST Server Add-On
 - REST Server Add-On and BTC EmbeddedPlatform COMPLETE

2025-03-31 09:46:20 - [main] ERROR e.a.headless.HeadlessApplication - Exit of EmbeddedPlatform REST server requested: REST SERVER can not be started. Licensing features "Basic" and "REST Server" are not covered by current licensed package .
These installed packages cover the unlicensed features:
 - BTC EmbeddedSpecifier BASE and REST Server Add-On
 - BTC EmbeddedTester COMPLETE and REST Server Add-On
 - BTC EmbeddedTester BASE and REST Server BASE Add-On
 - BTC EmbeddedSpecifier COMPLETE and REST Server Add-On
 - REST Server Add-On and BTC EmbeddedPlatform COMPLETE

2025-03-31 11:54:50 - [Refresh Thread: Equinox Container: d3987321-4400-41ff-bbc7-692214962dea] WARN  e.b.b.i.s.l.InstalledPackageHandler - Licensing package name '8080' of VM property ep.licensing.package is not valid.
2025-03-31 11:54:54 - [Refresh Thread: Equinox Container: d3987321-4400-41ff-bbc7-692214962dea] WARN  e.a.b.i.s.u.ArchitectureUpdateServiceImpl - Contributors ModelCoverageReportTemplateArchitectureUpdateContributor and TestCaseSignalDatatypeArchitectureUpdateContributorImpl have the same order priority 2147483647 (ep.coverage.model.bl.internal.architectureupdate.ModelCoverageReportTemplateArchitectureUpdateContributor, ep.analysis.bl.internal.listeners.architectureupdate.TestCaseSignalDatatypeArchitectureUpdateContributorImpl)
2025-03-31 11:54:55 - [Refresh Thread: Equinox Container: d3987321-4400-41ff-bbc7-692214962dea] WARN  e.a.b.i.s.u.ArchitectureUpdateServiceImpl - Contributors CALVariantUpdateServiceContributor and ValidationVectorArchitectureUpdateServiceContributor have the same order priority 3000 (ep.architecture.bl.internal.services.update.CALVariantUpdateServiceContributor, ep.formalsimulation.impl.listeners.architectureupdate.ValidationVectorArchitectureUpdateServiceContributor)
2025-03-31 11:54:55 - [Refresh Thread: Equinox Container: d3987321-4400-41ff-bbc7-692214962dea] WARN  e.a.b.i.s.u.ArchitectureUpdateServiceImpl - Contributors CodeCoverageArchitectureUpdateServiceContributor and CCCArchitectureUpdateContributor have the same order priority 10000 (ep.coverage.ccode.bl.internal.listeners.architectureupdate.CodeCoverageArchitectureUpdateServiceContributor, ep.ccc.bl.internal.listeners.CCCArchitectureUpdateContributor)
2025-03-31 11:54:55 - [Refresh Thread: Equinox Container: d3987321-4400-41ff-bbc7-692214962dea] WARN  e.a.b.i.s.u.ArchitectureUpdateServiceImpl - Contributors CALVariantUpdateServiceContributor and RBTTestCaseArchitectureUpdateServiceContributor have the same order priority 3000 (ep.architecture.bl.internal.services.update.CALVariantUpdateServiceContributor, ep.analysis.test.bl.internal.listeners.architectureupdate.RBTTestCaseArchitectureUpdateServiceContributor)
2025-03-31 11:54:56 - [Refresh Thread: Equinox Container: d3987321-4400-41ff-bbc7-692214962dea] WARN  e.a.b.i.s.u.ArchitectureUpdateServiceImpl - Contributors RBTExecutionRemoveMappingModificationContributorImpl and B2BSVExecutionRemoveMappingModificationContributor have the same order priority 3500 (ep.analysis.test.bl.internal.listeners.architectureupdate.RBTExecutionRemoveMappingModificationContributorImpl, ep.analysis.b2b.internal.listeners.architectureupdate.impl.B2BSVExecutionRemoveMappingModificationContributor)
2025-03-31 11:54:56 - [Refresh Thread: Equinox Container: d3987321-4400-41ff-bbc7-692214962dea] WARN  e.a.b.i.s.u.ArchitectureUpdateServiceImpl - Contributors CALVariantUpdateServiceContributor and B2BStimuliVectorExecutionRemoveUpdateContributor have the same order priority 3000 (ep.architecture.bl.internal.services.update.CALVariantUpdateServiceContributor, ep.analysis.b2b.internal.listeners.architectureupdate.impl.B2BStimuliVectorExecutionRemoveUpdateContributor)
2025-03-31 11:56:48 - [Start Level: Equinox Container: 71643f26-0fe9-4152-86b9-38b3d637a459] WARN  e.b.t.i.n.TransactionEventFilter - cannot cache event Licensing/LicensingChanged LicensingChangedEvent since no active transaction - event is dispatched immediately
2025-03-31 11:56:52 - [Start Level: Equinox Container: 71643f26-0fe9-4152-86b9-38b3d637a459] WARN  e.a.b.i.s.u.ArchitectureUpdateServiceImpl - Contributors ModelCoverageReportTemplateArchitectureUpdateContributor and TestCaseSignalDatatypeArchitectureUpdateContributorImpl have the same order priority 2147483647 (ep.coverage.model.bl.internal.architectureupdate.ModelCoverageReportTemplateArchitectureUpdateContributor, ep.analysis.bl.internal.listeners.architectureupdate.TestCaseSignalDatatypeArchitectureUpdateContributorImpl)
2025-03-31 11:56:52 - [Start Level: Equinox Container: 71643f26-0fe9-4152-86b9-38b3d637a459] WARN  e.a.b.i.s.u.ArchitectureUpdateServiceImpl - Contributors CALVariantUpdateServiceContributor and B2BStimuliVectorExecutionRemoveUpdateContributor have the same order priority 3000 (ep.architecture.bl.internal.services.update.CALVariantUpdateServiceContributor, ep.analysis.b2b.internal.listeners.architectureupdate.impl.B2BStimuliVectorExecutionRemoveUpdateContributor)
2025-03-31 11:56:53 - [Start Level: Equinox Container: 71643f26-0fe9-4152-86b9-38b3d637a459] WARN  e.a.b.i.s.u.ArchitectureUpdateServiceImpl - Contributors B2BSVExecutionRemoveMappingModificationContributor and RBTExecutionRemoveMappingModificationContributorImpl have the same order priority 3500 (ep.analysis.b2b.internal.listeners.architectureupdate.impl.B2BSVExecutionRemoveMappingModificationContributor, ep.analysis.test.bl.internal.listeners.architectureupdate.RBTExecutionRemoveMappingModificationContributorImpl)
2025-03-31 11:56:53 - [Start Level: Equinox Container: 71643f26-0fe9-4152-86b9-38b3d637a459] WARN  e.a.b.i.s.u.ArchitectureUpdateServiceImpl - Contributors CALVariantUpdateServiceContributor and RBTTestCaseArchitectureUpdateServiceContributor have the same order priority 3000 (ep.architecture.bl.internal.services.update.CALVariantUpdateServiceContributor, ep.analysis.test.bl.internal.listeners.architectureupdate.RBTTestCaseArchitectureUpdateServiceContributor)
2025-03-31 11:56:54 - [Start Level: Equinox Container: 71643f26-0fe9-4152-86b9-38b3d637a459] WARN  e.a.b.i.s.u.ArchitectureUpdateServiceImpl - Contributors CodeCoverageArchitectureUpdateServiceContributor and CCCArchitectureUpdateContributor have the same order priority 10000 (ep.coverage.ccode.bl.internal.listeners.architectureupdate.CodeCoverageArchitectureUpdateServiceContributor, ep.ccc.bl.internal.listeners.CCCArchitectureUpdateContributor)
2025-03-31 11:56:54 - [Start Level: Equinox Container: 71643f26-0fe9-4152-86b9-38b3d637a459] WARN  e.a.b.i.s.u.ArchitectureUpdateServiceImpl - Contributors CALVariantUpdateServiceContributor and ValidationVectorArchitectureUpdateServiceContributor have the same order priority 3000 (ep.architecture.bl.internal.services.update.CALVariantUpdateServiceContributor, ep.formalsimulation.impl.listeners.architectureupdate.ValidationVectorArchitectureUpdateServiceContributor)
2025-03-31 11:56:56 - [Framework Event Dispatcher: Equinox Container: 71643f26-0fe9-4152-86b9-38b3d637a459] ERROR e.r.s.i.RestServiceManagerImpl - REST SERVER can not be started. Installed AddOns REST Server Add-On could not be licensed.
No licenses for package REST Server Add-On. 
Checkout of license feature ET_AUTOMATION_SERVER version 23.1 failed.

Checkout of feature ET_AUTOMATION_SERVER (version 23.1) failed.
(#-5) No such feature exists.
Feature:       ET_AUTOMATION_SERVER
License path:  27005@192.168.1.7:
FlexNet Licensing error:-5,147
2025-03-31 11:56:57 - [main] ERROR e.a.headless.HeadlessApplication - Exit of EmbeddedPlatform REST server requested: REST SERVER can not be started. Installed AddOns REST Server Add-On could not be licensed.
No licenses for package REST Server Add-On. 
Checkout of license feature ET_AUTOMATION_SERVER version 23.1 failed.

Checkout of feature ET_AUTOMATION_SERVER (version 23.1) failed.
(#-5) No such feature exists.
Feature:       ET_AUTOMATION_SERVER
License path:  27005@192.168.1.7:
FlexNet Licensing error:-5,147
2025-03-31 12:04:38 - [Start Level: Equinox Container: e4b902f3-7830-4536-8875-0a8d61538786] WARN  e.b.t.i.n.TransactionEventFilter - cannot cache event Licensing/LicensingChanged LicensingChangedEvent since no active transaction - event is dispatched immediately
2025-03-31 12:04:43 - [Start Level: Equinox Container: e4b902f3-7830-4536-8875-0a8d61538786] WARN  e.a.b.i.s.u.ArchitectureUpdateServiceImpl - Contributors ModelCoverageReportTemplateArchitectureUpdateContributor and TestCaseSignalDatatypeArchitectureUpdateContributorImpl have the same order priority 2147483647 (ep.coverage.model.bl.internal.architectureupdate.ModelCoverageReportTemplateArchitectureUpdateContributor, ep.analysis.bl.internal.listeners.architectureupdate.TestCaseSignalDatatypeArchitectureUpdateContributorImpl)
2025-03-31 12:04:43 - [Start Level: Equinox Container: e4b902f3-7830-4536-8875-0a8d61538786] WARN  e.a.b.i.s.u.ArchitectureUpdateServiceImpl - Contributors CALVariantUpdateServiceContributor and B2BStimuliVectorExecutionRemoveUpdateContributor have the same order priority 3000 (ep.architecture.bl.internal.services.update.CALVariantUpdateServiceContributor, ep.analysis.b2b.internal.listeners.architectureupdate.impl.B2BStimuliVectorExecutionRemoveUpdateContributor)
2025-03-31 12:04:44 - [Start Level: Equinox Container: e4b902f3-7830-4536-8875-0a8d61538786] WARN  e.a.b.i.s.u.ArchitectureUpdateServiceImpl - Contributors B2BSVExecutionRemoveMappingModificationContributor and RBTExecutionRemoveMappingModificationContributorImpl have the same order priority 3500 (ep.analysis.b2b.internal.listeners.architectureupdate.impl.B2BSVExecutionRemoveMappingModificationContributor, ep.analysis.test.bl.internal.listeners.architectureupdate.RBTExecutionRemoveMappingModificationContributorImpl)
2025-03-31 12:04:44 - [Start Level: Equinox Container: e4b902f3-7830-4536-8875-0a8d61538786] WARN  e.a.b.i.s.u.ArchitectureUpdateServiceImpl - Contributors CALVariantUpdateServiceContributor and RBTTestCaseArchitectureUpdateServiceContributor have the same order priority 3000 (ep.architecture.bl.internal.services.update.CALVariantUpdateServiceContributor, ep.analysis.test.bl.internal.listeners.architectureupdate.RBTTestCaseArchitectureUpdateServiceContributor)
2025-03-31 12:04:45 - [Start Level: Equinox Container: e4b902f3-7830-4536-8875-0a8d61538786] WARN  e.a.b.i.s.u.ArchitectureUpdateServiceImpl - Contributors CodeCoverageArchitectureUpdateServiceContributor and CCCArchitectureUpdateContributor have the same order priority 10000 (ep.coverage.ccode.bl.internal.listeners.architectureupdate.CodeCoverageArchitectureUpdateServiceContributor, ep.ccc.bl.internal.listeners.CCCArchitectureUpdateContributor)
2025-03-31 12:04:45 - [Start Level: Equinox Container: e4b902f3-7830-4536-8875-0a8d61538786] WARN  e.a.b.i.s.u.ArchitectureUpdateServiceImpl - Contributors CALVariantUpdateServiceContributor and ValidationVectorArchitectureUpdateServiceContributor have the same order priority 3000 (ep.architecture.bl.internal.services.update.CALVariantUpdateServiceContributor, ep.formalsimulation.impl.listeners.architectureupdate.ValidationVectorArchitectureUpdateServiceContributor)
2025-03-31 12:04:47 - [Framework Event Dispatcher: Equinox Container: e4b902f3-7830-4536-8875-0a8d61538786] ERROR e.r.s.i.RestServiceManagerImpl - REST SERVER can not be started. Installed AddOns REST Server Add-On could not be licensed.
No licenses for package REST Server Add-On. 
Checkout of license feature ET_AUTOMATION_SERVER version 23.1 failed.

Checkout of feature ET_AUTOMATION_SERVER (version 23.1) failed.
(#-5) No such feature exists.
Feature:       ET_AUTOMATION_SERVER
License path:  27005@192.168.1.7:
FlexNet Licensing error:-5,147
2025-03-31 12:04:48 - [main] ERROR e.a.headless.HeadlessApplication - Exit of EmbeddedPlatform REST server requested: REST SERVER can not be started. Installed AddOns REST Server Add-On could not be licensed.
No licenses for package REST Server Add-On. 
Checkout of license feature ET_AUTOMATION_SERVER version 23.1 failed.

Checkout of feature ET_AUTOMATION_SERVER (version 23.1) failed.
(#-5) No such feature exists.
Feature:       ET_AUTOMATION_SERVER
License path:  27005@192.168.1.7:
FlexNet Licensing error:-5,147
2025-03-31 12:06:16 - [Start Level: Equinox Container: 52478192-02a4-4919-9f14-6e8e660dee6d] WARN  e.b.t.i.n.TransactionEventFilter - cannot cache event Licensing/LicensingChanged LicensingChangedEvent since no active transaction - event is dispatched immediately
2025-03-31 12:06:19 - [Start Level: Equinox Container: 52478192-02a4-4919-9f14-6e8e660dee6d] WARN  e.a.b.i.s.u.ArchitectureUpdateServiceImpl - Contributors ModelCoverageReportTemplateArchitectureUpdateContributor and TestCaseSignalDatatypeArchitectureUpdateContributorImpl have the same order priority 2147483647 (ep.coverage.model.bl.internal.architectureupdate.ModelCoverageReportTemplateArchitectureUpdateContributor, ep.analysis.bl.internal.listeners.architectureupdate.TestCaseSignalDatatypeArchitectureUpdateContributorImpl)
2025-03-31 12:06:20 - [Start Level: Equinox Container: 52478192-02a4-4919-9f14-6e8e660dee6d] WARN  e.a.b.i.s.u.ArchitectureUpdateServiceImpl - Contributors CALVariantUpdateServiceContributor and B2BStimuliVectorExecutionRemoveUpdateContributor have the same order priority 3000 (ep.architecture.bl.internal.services.update.CALVariantUpdateServiceContributor, ep.analysis.b2b.internal.listeners.architectureupdate.impl.B2BStimuliVectorExecutionRemoveUpdateContributor)
2025-03-31 12:06:20 - [Start Level: Equinox Container: 52478192-02a4-4919-9f14-6e8e660dee6d] WARN  e.a.b.i.s.u.ArchitectureUpdateServiceImpl - Contributors B2BSVExecutionRemoveMappingModificationContributor and RBTExecutionRemoveMappingModificationContributorImpl have the same order priority 3500 (ep.analysis.b2b.internal.listeners.architectureupdate.impl.B2BSVExecutionRemoveMappingModificationContributor, ep.analysis.test.bl.internal.listeners.architectureupdate.RBTExecutionRemoveMappingModificationContributorImpl)
2025-03-31 12:06:20 - [Start Level: Equinox Container: 52478192-02a4-4919-9f14-6e8e660dee6d] WARN  e.a.b.i.s.u.ArchitectureUpdateServiceImpl - Contributors CALVariantUpdateServiceContributor and RBTTestCaseArchitectureUpdateServiceContributor have the same order priority 3000 (ep.architecture.bl.internal.services.update.CALVariantUpdateServiceContributor, ep.analysis.test.bl.internal.listeners.architectureupdate.RBTTestCaseArchitectureUpdateServiceContributor)
2025-03-31 12:06:22 - [Start Level: Equinox Container: 52478192-02a4-4919-9f14-6e8e660dee6d] WARN  e.a.b.i.s.u.ArchitectureUpdateServiceImpl - Contributors CodeCoverageArchitectureUpdateServiceContributor and CCCArchitectureUpdateContributor have the same order priority 10000 (ep.coverage.ccode.bl.internal.listeners.architectureupdate.CodeCoverageArchitectureUpdateServiceContributor, ep.ccc.bl.internal.listeners.CCCArchitectureUpdateContributor)
2025-03-31 12:06:22 - [Start Level: Equinox Container: 52478192-02a4-4919-9f14-6e8e660dee6d] WARN  e.a.b.i.s.u.ArchitectureUpdateServiceImpl - Contributors CALVariantUpdateServiceContributor and ValidationVectorArchitectureUpdateServiceContributor have the same order priority 3000 (ep.architecture.bl.internal.services.update.CALVariantUpdateServiceContributor, ep.formalsimulation.impl.listeners.architectureupdate.ValidationVectorArchitectureUpdateServiceContributor)
2025-03-31 12:06:22 - [Framework Event Dispatcher: Equinox Container: 52478192-02a4-4919-9f14-6e8e660dee6d] ERROR e.r.s.i.RestServiceManagerImpl - REST SERVER can not be started. Installed AddOns REST Server Add-On could not be licensed.
No licenses for package REST Server Add-On. 
Checkout of license feature ET_AUTOMATION_SERVER version 23.1 failed.

Checkout of feature ET_AUTOMATION_SERVER (version 23.1) failed.
(#-5) No such feature exists.
Feature:       ET_AUTOMATION_SERVER
License path:  27005@192.168.1.7:
FlexNet Licensing error:-5,147
2025-03-31 12:06:23 - [main] ERROR e.a.headless.HeadlessApplication - Exit of EmbeddedPlatform REST server requested: REST SERVER can not be started. Installed AddOns REST Server Add-On could not be licensed.
No licenses for package REST Server Add-On. 
Checkout of license feature ET_AUTOMATION_SERVER version 23.1 failed.

Checkout of feature ET_AUTOMATION_SERVER (version 23.1) failed.
(#-5) No such feature exists.
Feature:       ET_AUTOMATION_SERVER
License path:  27005@192.168.1.7:
FlexNet Licensing error:-5,147
2025-03-31 12:15:51 - [Refresh Thread: Equinox Container: 3d86b9be-d0ce-4ac6-a324-aeacaa0ff783] WARN  e.b.b.i.s.l.InstalledPackageHandler - Licensing package name '8080' of VM property ep.licensing.package is not valid.
2025-03-31 12:15:55 - [Refresh Thread: Equinox Container: 3d86b9be-d0ce-4ac6-a324-aeacaa0ff783] WARN  e.a.b.i.s.u.ArchitectureUpdateServiceImpl - Contributors ModelCoverageReportTemplateArchitectureUpdateContributor and TestCaseSignalDatatypeArchitectureUpdateContributorImpl have the same order priority 2147483647 (ep.coverage.model.bl.internal.architectureupdate.ModelCoverageReportTemplateArchitectureUpdateContributor, ep.analysis.bl.internal.listeners.architectureupdate.TestCaseSignalDatatypeArchitectureUpdateContributorImpl)
2025-03-31 12:15:56 - [Refresh Thread: Equinox Container: 3d86b9be-d0ce-4ac6-a324-aeacaa0ff783] WARN  e.a.b.i.s.u.ArchitectureUpdateServiceImpl - Contributors CALVariantUpdateServiceContributor and ValidationVectorArchitectureUpdateServiceContributor have the same order priority 3000 (ep.architecture.bl.internal.services.update.CALVariantUpdateServiceContributor, ep.formalsimulation.impl.listeners.architectureupdate.ValidationVectorArchitectureUpdateServiceContributor)
2025-03-31 12:15:57 - [Refresh Thread: Equinox Container: 3d86b9be-d0ce-4ac6-a324-aeacaa0ff783] WARN  e.a.b.i.s.u.ArchitectureUpdateServiceImpl - Contributors CodeCoverageArchitectureUpdateServiceContributor and CCCArchitectureUpdateContributor have the same order priority 10000 (ep.coverage.ccode.bl.internal.listeners.architectureupdate.CodeCoverageArchitectureUpdateServiceContributor, ep.ccc.bl.internal.listeners.CCCArchitectureUpdateContributor)
2025-03-31 12:15:57 - [Refresh Thread: Equinox Container: 3d86b9be-d0ce-4ac6-a324-aeacaa0ff783] WARN  e.a.b.i.s.u.ArchitectureUpdateServiceImpl - Contributors CALVariantUpdateServiceContributor and RBTTestCaseArchitectureUpdateServiceContributor have the same order priority 3000 (ep.architecture.bl.internal.services.update.CALVariantUpdateServiceContributor, ep.analysis.test.bl.internal.listeners.architectureupdate.RBTTestCaseArchitectureUpdateServiceContributor)
2025-03-31 12:15:57 - [Refresh Thread: Equinox Container: 3d86b9be-d0ce-4ac6-a324-aeacaa0ff783] WARN  e.a.b.i.s.u.ArchitectureUpdateServiceImpl - Contributors RBTExecutionRemoveMappingModificationContributorImpl and B2BSVExecutionRemoveMappingModificationContributor have the same order priority 3500 (ep.analysis.test.bl.internal.listeners.architectureupdate.RBTExecutionRemoveMappingModificationContributorImpl, ep.analysis.b2b.internal.listeners.architectureupdate.impl.B2BSVExecutionRemoveMappingModificationContributor)
2025-03-31 12:15:57 - [Refresh Thread: Equinox Container: 3d86b9be-d0ce-4ac6-a324-aeacaa0ff783] WARN  e.a.b.i.s.u.ArchitectureUpdateServiceImpl - Contributors CALVariantUpdateServiceContributor and B2BStimuliVectorExecutionRemoveUpdateContributor have the same order priority 3000 (ep.architecture.bl.internal.services.update.CALVariantUpdateServiceContributor, ep.analysis.b2b.internal.listeners.architectureupdate.impl.B2BStimuliVectorExecutionRemoveUpdateContributor)
2025-03-31 12:19:45 - [Start Level: Equinox Container: 035e1ad7-96f5-4964-afdd-d6dd5d7508e4] WARN  e.b.t.i.n.TransactionEventFilter - cannot cache event Licensing/LicensingChanged LicensingChangedEvent since no active transaction - event is dispatched immediately
2025-03-31 12:19:50 - [Start Level: Equinox Container: 035e1ad7-96f5-4964-afdd-d6dd5d7508e4] WARN  e.a.b.i.s.u.ArchitectureUpdateServiceImpl - Contributors ModelCoverageReportTemplateArchitectureUpdateContributor and TestCaseSignalDatatypeArchitectureUpdateContributorImpl have the same order priority 2147483647 (ep.coverage.model.bl.internal.architectureupdate.ModelCoverageReportTemplateArchitectureUpdateContributor, ep.analysis.bl.internal.listeners.architectureupdate.TestCaseSignalDatatypeArchitectureUpdateContributorImpl)
2025-03-31 12:19:50 - [Start Level: Equinox Container: 035e1ad7-96f5-4964-afdd-d6dd5d7508e4] WARN  e.a.b.i.s.u.ArchitectureUpdateServiceImpl - Contributors CALVariantUpdateServiceContributor and B2BStimuliVectorExecutionRemoveUpdateContributor have the same order priority 3000 (ep.architecture.bl.internal.services.update.CALVariantUpdateServiceContributor, ep.analysis.b2b.internal.listeners.architectureupdate.impl.B2BStimuliVectorExecutionRemoveUpdateContributor)
2025-03-31 12:19:50 - [Start Level: Equinox Container: 035e1ad7-96f5-4964-afdd-d6dd5d7508e4] WARN  e.a.b.i.s.u.ArchitectureUpdateServiceImpl - Contributors B2BSVExecutionRemoveMappingModificationContributor and RBTExecutionRemoveMappingModificationContributorImpl have the same order priority 3500 (ep.analysis.b2b.internal.listeners.architectureupdate.impl.B2BSVExecutionRemoveMappingModificationContributor, ep.analysis.test.bl.internal.listeners.architectureupdate.RBTExecutionRemoveMappingModificationContributorImpl)
2025-03-31 12:19:51 - [Start Level: Equinox Container: 035e1ad7-96f5-4964-afdd-d6dd5d7508e4] WARN  e.a.b.i.s.u.ArchitectureUpdateServiceImpl - Contributors CALVariantUpdateServiceContributor and RBTTestCaseArchitectureUpdateServiceContributor have the same order priority 3000 (ep.architecture.bl.internal.services.update.CALVariantUpdateServiceContributor, ep.analysis.test.bl.internal.listeners.architectureupdate.RBTTestCaseArchitectureUpdateServiceContributor)
2025-03-31 12:19:52 - [Start Level: Equinox Container: 035e1ad7-96f5-4964-afdd-d6dd5d7508e4] WARN  e.a.b.i.s.u.ArchitectureUpdateServiceImpl - Contributors CodeCoverageArchitectureUpdateServiceContributor and CCCArchitectureUpdateContributor have the same order priority 10000 (ep.coverage.ccode.bl.internal.listeners.architectureupdate.CodeCoverageArchitectureUpdateServiceContributor, ep.ccc.bl.internal.listeners.CCCArchitectureUpdateContributor)
2025-03-31 12:19:52 - [Start Level: Equinox Container: 035e1ad7-96f5-4964-afdd-d6dd5d7508e4] WARN  e.a.b.i.s.u.ArchitectureUpdateServiceImpl - Contributors CALVariantUpdateServiceContributor and ValidationVectorArchitectureUpdateServiceContributor have the same order priority 3000 (ep.architecture.bl.internal.services.update.CALVariantUpdateServiceContributor, ep.formalsimulation.impl.listeners.architectureupdate.ValidationVectorArchitectureUpdateServiceContributor)
2025-03-31 12:19:55 - [qtp976788830-53] WARN  e.b.transactions.TransactionManager - [16d31a41-0ab6-486e-b0f1-70776dfc38a1#EpexCompilerApplicationServiceImpl.isCompilerChangeAllowed()] no entity manager factory available - there won't be an entity manager available for this transaction!
2025-03-31 12:19:56 - [qtp976788830-53] WARN  e.b.transactions.TransactionManager - [483c9f93-8251-4567-995a-dc97674d413a#EpexCompilerServiceImpl.isCompilerBroken()] no entity manager factory available - there won't be an entity manager available for this transaction!
2025-03-31 12:19:56 - [qtp976788830-53] WARN  e.b.transactions.TransactionManager - [9bdc0680-e3b3-4ca0-afe7-900d43d3f760#PreferencesApplicationServiceImpl.setString(..)] no entity manager factory available - there won't be an entity manager available for this transaction!
2025-03-31 12:19:56 - [qtp976788830-53] WARN  e.b.transactions.TransactionManager - [78f76e75-dc7d-46d9-a05f-5453314936b0#PPFunctionServiceImpl.2.handleEvent(..)] no entity manager factory available - there won't be an entity manager available for this transaction!
2025-03-31 12:19:56 - [qtp976788830-53] WARN  e.b.transactions.TransactionManager - [492f6c28-b218-403a-beb2-b1422e19f690#OverflowPreferenceChangeListener.handlePreferenceChanged(..)] no entity manager factory available - there won't be an entity manager available for this transaction!
2025-03-31 12:19:56 - [qtp976788830-53] WARN  e.b.transactions.TransactionManager - [14f35276-c838-4e90-99d1-c1b49f912044#RequiementHierarchyConstraintsEnforcerListener.handleEvent(..)] no entity manager factory available - there won't be an entity manager available for this transaction!
2025-03-31 12:19:56 - [qtp976788830-54] WARN  e.b.transactions.TransactionManager - [3379dd89-f256-48f5-8163-7c3246f9b187#PreferencesServiceImpl.setValueForPreferenceKey(..)] no entity manager factory available - there won't be an entity manager available for this transaction!
2025-03-31 12:19:56 - [qtp976788830-54] WARN  e.b.transactions.TransactionManager - [3c6bb026-1391-4977-8098-48d65d01f243#PPFunctionServiceImpl.2.handleEvent(..)] no entity manager factory available - there won't be an entity manager available for this transaction!
2025-03-31 12:19:56 - [qtp976788830-54] WARN  e.b.transactions.TransactionManager - [184f5f49-7885-4d46-992d-76bf7ec6ef13#OverflowPreferenceChangeListener.handlePreferenceChanged(..)] no entity manager factory available - there won't be an entity manager available for this transaction!
2025-03-31 12:19:56 - [qtp976788830-54] WARN  e.b.transactions.TransactionManager - [d69a882a-9df6-448f-80f0-8f1be1ae8e78#RequiementHierarchyConstraintsEnforcerListener.handleEvent(..)] no entity manager factory available - there won't be an entity manager available for this transaction!
2025-03-31 12:19:56 - [qtp976788830-54] WARN  e.b.transactions.TransactionManager - [ac538f2d-1650-4ac6-9f40-064d86a6e157#PreferencesApplicationServiceImpl.setString(..)] no entity manager factory available - there won't be an entity manager available for this transaction!
2025-03-31 12:19:56 - [qtp976788830-54] WARN  e.b.transactions.TransactionManager - [4d8cadd7-29c7-404d-b02d-68aec002c8af#PPFunctionServiceImpl.2.handleEvent(..)] no entity manager factory available - there won't be an entity manager available for this transaction!
2025-03-31 12:19:56 - [qtp976788830-54] WARN  e.b.transactions.TransactionManager - [e8f44990-4846-481b-b589-eae37da4607d#OverflowPreferenceChangeListener.handlePreferenceChanged(..)] no entity manager factory available - there won't be an entity manager available for this transaction!
2025-03-31 12:19:56 - [qtp976788830-54] WARN  e.b.transactions.TransactionManager - [023e7e10-2c6e-4bb2-aca6-ad4cc6150fed#RequiementHierarchyConstraintsEnforcerListener.handleEvent(..)] no entity manager factory available - there won't be an entity manager available for this transaction!
2025-03-31 12:19:56 - [qtp976788830-54] WARN  e.b.transactions.TransactionManager - [6e445f02-84f1-49d1-a3c9-30bf62d0dc30#PreferencesApplicationServiceImpl.setString(..)] no entity manager factory available - there won't be an entity manager available for this transaction!
2025-03-31 12:19:56 - [qtp976788830-54] WARN  e.b.transactions.TransactionManager - [458ec496-0185-46fa-80aa-db65f24be991#PPFunctionServiceImpl.2.handleEvent(..)] no entity manager factory available - there won't be an entity manager available for this transaction!
2025-03-31 12:19:56 - [qtp976788830-54] WARN  e.b.transactions.TransactionManager - [146cbfb1-413d-4bb0-ba0f-5ec46c24c22c#OverflowPreferenceChangeListener.handlePreferenceChanged(..)] no entity manager factory available - there won't be an entity manager available for this transaction!
2025-03-31 12:19:56 - [qtp976788830-54] WARN  e.b.transactions.TransactionManager - [9fac4753-ebe0-421a-aec6-2cbd223ad0a0#RequiementHierarchyConstraintsEnforcerListener.handleEvent(..)] no entity manager factory available - there won't be an entity manager available for this transaction!
2025-03-31 12:19:56 - [qtp976788830-54] WARN  e.b.transactions.TransactionManager - [7696d74d-0b97-4425-8ddd-8b8188f6619e#PreferencesApplicationServiceImpl.setString(..)] no entity manager factory available - there won't be an entity manager available for this transaction!
2025-03-31 12:20:06 - [Thread-33] ERROR e.c.i.m.c.r.impl.MatlabRegistry - Error during retrieving MatlabServerInfo: Key CLASSES_ROOT\Matlab.Application\CurVer (type String) does not exist.
2025-03-31 12:21:04 - [Thread-33] WARN  e.a.b.i.s.u.ArchitectureUpdateServiceImpl - Call contributor: ep.simulation.sil.bl.internal.listeners.architectureupdate.SimulationSILArchitectureUpdateServiceContributor
2025-03-31 12:21:04 - [Thread-33] WARN  e.a.b.i.s.u.ArchitectureUpdateServiceImpl - Call contributor: ep.simulation.bl.internal.listeners.architectureupdate.DebugArchitectureUpdateServiceContributor
2025-03-31 12:21:04 - [Thread-33] WARN  e.a.b.i.s.u.ArchitectureUpdateServiceImpl - Call contributor: ep.requirement.bl.internal.services.ReqArchitectureUpdateServiceContributor
2025-03-31 12:21:04 - [Thread-33] WARN  e.a.b.i.s.u.ArchitectureUpdateServiceImpl - Call contributor: ep.analysis.verdict.tolerance.bl.internal.listeners.architectureupdate.ToleranceArchitectureUpdateServiceContributorImpl
2025-03-31 12:21:04 - [Thread-33] WARN  e.a.b.i.s.u.ArchitectureUpdateServiceImpl - Call contributor: ep.simulation.bl.internal.listeners.architectureupdate.ExecutionConfigArchitectureUpdateServiceContributorImpl
2025-03-31 12:21:04 - [Thread-33] WARN  e.a.b.i.s.u.ArchitectureUpdateServiceImpl - Call contributor: ep.analysis.test.bl.internal.listeners.architectureupdate.RBTExecutionRemoveContributorImpl
2025-03-31 12:21:04 - [Thread-33] WARN  e.a.b.i.s.u.ArchitectureUpdateServiceImpl - Call contributor: ep.architecture.bl.internal.services.update.CALVariantUpdateServiceContributor
2025-03-31 12:21:04 - [Thread-33] WARN  e.a.b.i.s.u.ArchitectureUpdateServiceImpl - Call contributor: ep.analysis.b2b.internal.listeners.architectureupdate.impl.B2BStimuliVectorExecutionRemoveUpdateContributor
2025-03-31 12:21:04 - [Thread-33] WARN  e.a.b.i.s.u.ArchitectureUpdateServiceImpl - Call contributor: ep.analysis.test.bl.internal.listeners.architectureupdate.RBTTestCaseArchitectureUpdateServiceContributor
2025-03-31 12:21:04 - [Thread-33] WARN  e.a.b.i.s.u.ArchitectureUpdateServiceImpl - Call contributor: ep.formalsimulation.impl.listeners.architectureupdate.ValidationVectorArchitectureUpdateServiceContributor
2025-03-31 12:21:04 - [Thread-33] WARN  e.a.b.i.s.u.ArchitectureUpdateServiceImpl - Call contributor: ep.analysis.b2b.internal.listeners.architectureupdate.impl.B2BStimuliVectorArchitectureUpdateContributor
2025-03-31 12:21:04 - [Thread-33] WARN  e.a.b.i.s.u.ArchitectureUpdateServiceImpl - Call contributor: ep.simulation.sil.bl.internal.listeners.TestCaseUpdateSilExecutorImpl
2025-03-31 12:21:04 - [Thread-33] WARN  e.a.b.i.s.u.ArchitectureUpdateServiceImpl - Call contributor: ep.analysis.test.bl.internal.listeners.architectureupdate.CalVarTCArchitectureUpdateServiceContributor
2025-03-31 12:21:04 - [Thread-33] WARN  e.a.b.i.s.u.ArchitectureUpdateServiceImpl - Call contributor: ep.analysis.test.bl.internal.listeners.architectureupdate.RBTExecutionConfigUpdateContributorImpl
2025-03-31 12:21:04 - [Thread-33] WARN  e.a.b.i.s.u.ArchitectureUpdateServiceImpl - Call contributor: ep.analysis.test.bl.internal.listeners.architectureupdate.RBTTestMacroArchitectureUpdateServiceContributor
2025-03-31 12:21:04 - [Thread-33] WARN  e.a.b.i.s.u.ArchitectureUpdateServiceImpl - Call contributor: ep.analysis.b2b.internal.listeners.architectureupdate.impl.B2BSVExecutionRemoveMappingModificationContributor
2025-03-31 12:21:04 - [Thread-33] WARN  e.a.b.i.s.u.ArchitectureUpdateServiceImpl - Call contributor: ep.analysis.test.bl.internal.listeners.architectureupdate.RBTExecutionRemoveMappingModificationContributorImpl
2025-03-31 12:21:04 - [Thread-33] WARN  e.a.b.i.s.u.ArchitectureUpdateServiceImpl - Call contributor: ep.formalnotation.bl.internal.listeners.architectureupdate.FnArchitectureUpdateServiceContributor
2025-03-31 12:21:04 - [Thread-33] WARN  e.a.b.i.s.u.ArchitectureUpdateServiceImpl - Call contributor: ep.analysis.b2b.internal.listeners.architectureupdate.impl.B2BTestArchitectureUpdateContributor
2025-03-31 12:21:04 - [Thread-33] WARN  e.a.b.i.s.u.ArchitectureUpdateServiceImpl - Call contributor: ep.harness.bl.internal.listeners.StubHarnessArchitectureUpdateServiceContributor
2025-03-31 12:21:04 - [Thread-33] WARN  e.a.b.i.s.u.ArchitectureUpdateServiceImpl - Call contributor: ep.formaltest.bl.internal.listeners.architectureupdate.FtArchitectureUpdateServiceContributor
2025-03-31 12:21:04 - [Thread-33] WARN  e.a.b.i.s.u.ArchitectureUpdateServiceImpl - Call contributor: ep.formalverification.internal.listeners.architectureupdate.FvArchitectureUpdateServiceContributor
2025-03-31 12:21:04 - [Thread-33] WARN  e.a.b.i.s.u.ArchitectureUpdateServiceImpl - Call contributor: ep.architecture.observer.bl.internal.listeners.architectureupdate.AoArchitectureUpdateServiceContributor
2025-03-31 12:21:04 - [Thread-33] WARN  e.a.b.i.s.u.ArchitectureUpdateServiceImpl - Call contributor: ep.architecture.observer.api.impl.ArchitectureUpdater
2025-03-31 12:21:04 - [Thread-33] WARN  e.a.b.i.s.u.ArchitectureUpdateServiceImpl - Call contributor: ep.engine.bl.internal.listeners.architectureupdate.EngineArchitectureUpdateServiceContributor
2025-03-31 12:21:04 - [Thread-33] WARN  e.a.b.i.s.u.ArchitectureUpdateServiceImpl - Call contributor: ep.architecture.bl.internal.services.constraints.ArchitectureConstraintUpdater
2025-03-31 12:21:04 - [Thread-33] WARN  e.a.b.i.s.u.ArchitectureUpdateServiceImpl - Call contributor: ep.observer.goals.bl.internal.listeners.architectureupdate.OgArchitectureUpdateServiceContributor
2025-03-31 12:21:04 - [Thread-33] WARN  e.a.b.i.s.u.ArchitectureUpdateServiceImpl - Call contributor: ep.userdefinedtest.bl.internal.listeners.architectureupdate.UDTArchitectureUpdateContributor
2025-03-31 12:21:04 - [Thread-33] WARN  e.a.b.i.s.u.ArchitectureUpdateServiceImpl - Call contributor: ep.userdefinedtest.bl.internal.listeners.UserDefinedTestSilExecutionListenerImpl
2025-03-31 12:21:04 - [Thread-33] WARN  e.a.b.i.s.u.ArchitectureUpdateServiceImpl - Call contributor: ep.coverage.ccode.bl.internal.listeners.architectureupdate.CodeCoverageArchitectureUpdateServiceContributor
2025-03-31 12:21:07 - [Thread-33] WARN  e.a.b.i.s.u.ArchitectureUpdateServiceImpl - Call contributor: ep.ccc.bl.internal.listeners.CCCArchitectureUpdateContributor
2025-03-31 12:21:07 - [Thread-33] WARN  e.a.b.i.s.u.ArchitectureUpdateServiceImpl - Call contributor: ep.analysis.bl.internal.listeners.architectureupdate.TestCaseSignalValueValidationArchitectureUpdateServiceContributorImpl
2025-03-31 12:21:07 - [Thread-33] WARN  e.a.b.i.s.u.ArchitectureUpdateServiceImpl - Call contributor: ep.analysis.verdict.mscript.bl.internal.listeners.MScriptVerdictFunctionArchitectureUpdateContributor
2025-03-31 12:21:07 - [Thread-33] WARN  e.a.b.i.s.u.ArchitectureUpdateServiceImpl - Call contributor: ep.simulation.bl.internal.listeners.architectureupdate.RestoreExecutionConfigsUpdateContributor
2025-03-31 12:21:07 - [Thread-33] WARN  e.a.b.i.s.u.ArchitectureUpdateServiceImpl - Call contributor: ep.coverage.model.bl.internal.architectureupdate.ModelCoverageReportTemplateArchitectureUpdateContributor
2025-03-31 12:21:07 - [Thread-33] WARN  e.a.b.i.s.u.ArchitectureUpdateServiceImpl - Call contributor: ep.analysis.bl.internal.listeners.architectureupdate.TestCaseSignalDatatypeArchitectureUpdateContributorImpl
2025-03-31 12:21:07 - [Thread-33] WARN  ep.rest.RestProgressMonitorWrapper - Reported progress is too big (greater than the defined total progress): 1.1111111111111112
2025-03-31 12:21:07 - [Thread-33] WARN  e.b.t.i.n.TransactionEventFilter - cannot cache event EP_UIEvent/Refresh UIRefreshEvent since no active transaction - event is dispatched immediately
2025-03-31 12:21:22 - [Thread-179] WARN  e.e.b.i.s.tools.CToSmiToolImpl - c2smi warning:
The integer kind for wchar_t in the target configuration is not supported. The value is ignored.

2025-03-31 12:21:22 - [Thread-179] WARN  e.e.b.i.s.tools.CToSmiToolImpl - c2smi warning:
Host compiler is configured to generate 64 bit binaries, model checking employs 32 bit semantics.
2025-03-31 12:21:22 - [Thread-179] WARN  e.e.b.i.s.tools.CToSmiToolImpl - c2smi warning:
"/tmp/ep/workdir/profiles/46f8/md/13099/anno/CodeAnnotation.c", line 805:
          warning: integer conversion resulted in a change of sign
    if ((left - right) == -1) obs->prop3 = 1;
                          ^
          detected during compilation of secondary translation unit
                    "/tmp/ep/workdir/profiles/46f8/md/13099/anno/CodeAnnotation
                    .c"
"/tmp/ep/workdir/profiles/46f8/md/13099/anno/CodeAnnotation.c", line 1085:
          warning: integer conversion resulted in a change of sign
    if ((left - right) == -1) obs->prop3 = 1;
                          ^
          detected during compilation of secondary translation unit
                    "/tmp/ep/workdir/profiles/46f8/md/13099/anno/CodeAnnotation
                    .c"
"/tmp/ep/workdir/profiles/46f8/md/13099/anno/CodeAnnotation.c", line 1365:
          warning: integer conversion resulted in a change of sign
    if ((left - right) == -1) obs->prop3 = 1;
                          ^
          detected during compilation of secondary translation unit
                    "/tmp/ep/workdir/profiles/46f8/md/13099/anno/CodeAnnotation
                    .c"
"/tmp/ep/workdir/profiles/46f8/md/13099/anno/CodeAnnotation.c", line 1643:
          warning: integer conversion resulted in a change of sign
    if ((left - right) == -1) obs->prop3 = 1;
                          ^
          detected during compilation of secondary translation unit
                    "/tmp/ep/workdir/profiles/46f8/md/13099/anno/CodeAnnotation
                    .c"
"/tmp/ep/workdir/profiles/46f8/md/13099/anno/CodeAnnotation.c", line 1920:
          warning: integer conversion resulted in a change of sign
    if ((left - right) == -1) obs->prop3 = 1;
                          ^
          detected during compilation of secondary translation unit
                    "/tmp/ep/workdir/profiles/46f8/md/13099/anno/CodeAnnotation
                    .c"
"/tmp/ep/workdir/profiles/46f8/md/13099/anno/CodeAnnotation.c", line 2197:
          warning: integer conversion resulted in a change of sign
    if ((left - right) == -1) obs->prop3 = 1;
                          ^
          detected during compilation of secondary translation unit
                    "/tmp/ep/workdir/profiles/46f8/md/13099/anno/CodeAnnotation
                    .c"

2025-03-31 12:21:23 - [Thread-179] WARN  e.e.b.i.s.tools.CToSmiToolImpl - c2smi warning:
The integer kind for wchar_t in the target configuration is not supported. The value is ignored.
The integer kind for wchar_t in the target configuration is not supported. The value is ignored.

2025-03-31 12:21:23 - [Thread-179] WARN  e.e.b.i.s.tools.CToSmiToolImpl - c2smi warning:
Host compiler is configured to generate 64 bit binaries, model checking employs 32 bit semantics.
2025-03-31 12:21:33 - [Thread-179] WARN  e.e.b.i.s.tools.CToSmiToolImpl - c2smi warning:
The integer kind for wchar_t in the target configuration is not supported. The value is ignored.

2025-03-31 12:21:33 - [Thread-179] WARN  e.e.b.i.s.tools.CToSmiToolImpl - c2smi warning:
Host compiler is configured to generate 64 bit binaries, model checking employs 32 bit semantics.
2025-03-31 12:21:33 - [Thread-179] WARN  e.e.b.i.s.tools.CToSmiToolImpl - c2smi warning:
"/tmp/ep/workdir/profiles/46f8/md/13235/anno/CodeAnnotation.c", line 805:
          warning: integer conversion resulted in a change of sign
    if ((left - right) == -1) obs->prop3 = 1;
                          ^
          detected during compilation of secondary translation unit
                    "/tmp/ep/workdir/profiles/46f8/md/13235/anno/CodeAnnotation
                    .c"
"/tmp/ep/workdir/profiles/46f8/md/13235/anno/CodeAnnotation.c", line 1085:
          warning: integer conversion resulted in a change of sign
    if ((left - right) == -1) obs->prop3 = 1;
                          ^
          detected during compilation of secondary translation unit
                    "/tmp/ep/workdir/profiles/46f8/md/13235/anno/CodeAnnotation
                    .c"
"/tmp/ep/workdir/profiles/46f8/md/13235/anno/CodeAnnotation.c", line 1365:
          warning: integer conversion resulted in a change of sign
    if ((left - right) == -1) obs->prop3 = 1;
                          ^
          detected during compilation of secondary translation unit
                    "/tmp/ep/workdir/profiles/46f8/md/13235/anno/CodeAnnotation
                    .c"
"/tmp/ep/workdir/profiles/46f8/md/13235/anno/CodeAnnotation.c", line 1643:
          warning: integer conversion resulted in a change of sign
    if ((left - right) == -1) obs->prop3 = 1;
                          ^
          detected during compilation of secondary translation unit
                    "/tmp/ep/workdir/profiles/46f8/md/13235/anno/CodeAnnotation
                    .c"
"/tmp/ep/workdir/profiles/46f8/md/13235/anno/CodeAnnotation.c", line 1920:
          warning: integer conversion resulted in a change of sign
    if ((left - right) == -1) obs->prop3 = 1;
                          ^
          detected during compilation of secondary translation unit
                    "/tmp/ep/workdir/profiles/46f8/md/13235/anno/CodeAnnotation
                    .c"
"/tmp/ep/workdir/profiles/46f8/md/13235/anno/CodeAnnotation.c", line 2197:
          warning: integer conversion resulted in a change of sign
    if ((left - right) == -1) obs->prop3 = 1;
                          ^
          detected during compilation of secondary translation unit
                    "/tmp/ep/workdir/profiles/46f8/md/13235/anno/CodeAnnotation
                    .c"

2025-03-31 12:21:34 - [Thread-179] WARN  e.e.b.i.s.tools.CToSmiToolImpl - c2smi warning:
The integer kind for wchar_t in the target configuration is not supported. The value is ignored.
The integer kind for wchar_t in the target configuration is not supported. The value is ignored.

2025-03-31 12:21:34 - [Thread-179] WARN  e.e.b.i.s.tools.CToSmiToolImpl - c2smi warning:
Host compiler is configured to generate 64 bit binaries, model checking employs 32 bit semantics.
2025-03-31 12:21:40 - [RMI TCP Connection(3)-172.17.0.3] WARN  ep.rest.RestProgressMonitorWrapper - Reported progress is too big (greater than the defined total progress): 2.0
2025-03-31 12:22:04 - [RMI TCP Connection(3)-172.17.0.3] WARN  ep.rest.RestProgressMonitorWrapper - Reported progress is too big (greater than the defined total progress): 48.0
2025-03-31 12:23:07 - [qtp976788830-56] WARN  e.b.t.i.n.TransactionEventFilter - cannot cache event ProfileService/PreCloseProfile ProfileEvent since no active transaction - event is dispatched immediately
2025-03-31 12:23:07 - [qtp976788830-56] WARN  e.b.t.i.n.TransactionEventFilter - cannot cache event EPIProfileService/PreCloseProfile EPIProfileEvent since no active transaction - event is dispatched immediately
2025-03-31 12:23:07 - [qtp976788830-56] WARN  e.b.t.i.n.TransactionEventFilter - cannot cache event ProfileService/PreSaveProfile ProfileEvent since no active transaction - event is dispatched immediately
2025-03-31 12:23:07 - [qtp976788830-56] WARN  e.b.t.i.n.TransactionEventFilter - cannot cache event EPIProfileService/PreSaveProfile EPIProfileEvent since no active transaction - event is dispatched immediately
2025-03-31 12:23:09 - [qtp976788830-56] WARN  e.b.t.i.n.TransactionEventFilter - cannot cache event ProfileService/PostSaveProfile ProfileEvent since no active transaction - event is dispatched immediately
2025-03-31 12:23:09 - [qtp976788830-56] WARN  e.b.t.i.n.TransactionEventFilter - cannot cache event EPIProfileService/PostSaveProfile EPIProfileEvent since no active transaction - event is dispatched immediately
2025-03-31 12:23:09 - [qtp976788830-51] WARN  e.b.t.i.n.TransactionEventFilter - cannot cache event ProfileService/CloseProfile ProfileEvent since no active transaction - event is dispatched immediately
2025-03-31 12:23:09 - [qtp976788830-51] WARN  e.b.t.i.n.TransactionEventFilter - cannot cache event EPIProfileService/CloseProfile EPIProfileEvent since no active transaction - event is dispatched immediately
2025-03-31 12:23:10 - [qtp976788830-51] WARN  e.b.transactions.TransactionManager - [9982a1d2-2e6c-4093-a345-0cac5e4033c1#ProfileServiceImpl.setDirtyWithTransaction(..)] no entity manager factory available - there won't be an entity manager available for this transaction!
2025-03-31 12:23:10 - [qtp976788830-51] WARN  e.b.t.i.n.TransactionEventFilter - cannot cache event ProfileService/PostCloseProfile ProfileEvent since no active transaction - event is dispatched immediately
2025-03-31 12:23:10 - [qtp976788830-51] WARN  e.b.transactions.TransactionManager - [e9b67e24-0e98-4933-8701-e5982b9eb9cc#PPFunctionServiceImpl.1.handleEvent(..)] no entity manager factory available - there won't be an entity manager available for this transaction!
2025-03-31 12:23:10 - [qtp976788830-51] WARN  e.b.transactions.TransactionManager - [e55fcfcc-897f-4e9e-93bd-822bacaf9e32#RequiementHierarchyConstraintsEnforcerListener.handleEvent(..)] no entity manager factory available - there won't be an entity manager available for this transaction!
2025-03-31 12:23:10 - [qtp976788830-51] WARN  e.b.t.i.n.TransactionEventFilter - cannot cache event EPIProfileService/PostCloseProfile EPIProfileEvent since no active transaction - event is dispatched immediately
2025-03-31 12:23:10 - [qtp976788830-51] WARN  e.b.transactions.TransactionManager - [5e607a94-2303-4399-94f4-280028aa3f51#TargetLinkArchitectureImportServiceAbstractImpl.handleEvent(..)] no entity manager factory available - there won't be an entity manager available for this transaction!
2025-03-31 17:29:34 - [Licensing Heartbeat [ET_AUTOMATION_SERVER]] WARN  e.b.t.i.n.TransactionEventFilter - cannot cache event Licensing/LicensingRetrievedLicense LicenseRetrievedEvent since no active transaction - event is dispatched immediately
